<?xml version="1.0" encoding="utf-8"?>
<CoverageSession>
  <Summary numSequencePoints="816" visitedSequencePoints="780" numBranchPoints="214" visitedBranchPoints="189" sequenceCoverage="95.58" branchCoverage="88.31" maxCyclomaticComplexity="290" minCyclomaticComplexity="290" visitedClasses="23" numClasses="23" visitedMethods="111" numMethods="113" />
  <Modules>
    <Module hash="0751AAF9-81F0-48F5-82AB-77FE7D8B8B6D">
      <ModulePath>AutoComplete.dll</ModulePath>
      <ModuleTime>2022-11-02T08:32:53</ModuleTime>
      <ModuleName>AutoComplete</ModuleName>
      <Files>
        <File uid="1" fullPath="/Users/omr/RiderProjects/autocomplete/AutoComplete/Serializers/TrieIndexHeaderSerializer.cs" />
        <File uid="2" fullPath="/Users/omr/RiderProjects/autocomplete/AutoComplete/Serializers/TrieIndexSerializer.cs" />
        <File uid="3" fullPath="/Users/omr/RiderProjects/autocomplete/AutoComplete/Searchers/IndexData.cs" />
        <File uid="4" fullPath="/Users/omr/RiderProjects/autocomplete/AutoComplete/Searchers/IndexSearcher.cs" />
        <File uid="5" fullPath="/Users/omr/RiderProjects/autocomplete/AutoComplete/Readers/TrieBinaryReader.cs" />
        <File uid="6" fullPath="/Users/omr/RiderProjects/autocomplete/AutoComplete/Readers/TrieIndexHeaderCharacterReader.cs" />
        <File uid="7" fullPath="/Users/omr/RiderProjects/autocomplete/AutoComplete/Helpers/BitArrayHelper.cs" />
        <File uid="8" fullPath="/Users/omr/RiderProjects/autocomplete/AutoComplete/Domain/ManagedInMemoryStream.cs" />
        <File uid="9" fullPath="/Users/omr/RiderProjects/autocomplete/AutoComplete/Domain/SearchOptions.cs" />
        <File uid="10" fullPath="/Users/omr/RiderProjects/autocomplete/AutoComplete/Domain/SearchResult.cs" />
        <File uid="11" fullPath="/Users/omr/RiderProjects/autocomplete/AutoComplete/DataStructure/Trie.cs" />
        <File uid="12" fullPath="/Users/omr/RiderProjects/autocomplete/AutoComplete/DataStructure/TrieCharacterComparer.cs" />
        <File uid="13" fullPath="/Users/omr/RiderProjects/autocomplete/AutoComplete/DataStructure/TrieIndexHeader.cs" />
        <File uid="14" fullPath="/Users/omr/RiderProjects/autocomplete/AutoComplete/DataStructure/TrieNode.cs" />
        <File uid="15" fullPath="/Users/omr/RiderProjects/autocomplete/AutoComplete/DataStructure/TrieNodeSearchResult.cs" />
        <File uid="16" fullPath="/Users/omr/RiderProjects/autocomplete/AutoComplete/DataStructure/TrieNodeStructSearchResult.cs" />
        <File uid="17" fullPath="/Users/omr/RiderProjects/autocomplete/AutoComplete/DataStructure/TrieStringComparer.cs" />
        <File uid="18" fullPath="/Users/omr/RiderProjects/autocomplete/AutoComplete/Clients/IndexSearchers/FileSystemIndexSearcher.cs" />
        <File uid="19" fullPath="/Users/omr/RiderProjects/autocomplete/AutoComplete/Clients/IndexSearchers/InMemoryIndexSearcher.cs" />
        <File uid="20" fullPath="/Users/omr/RiderProjects/autocomplete/AutoComplete/Clients/IndexSearchers/TrieNodeHelperFileSystemExtensions.cs" />
        <File uid="21" fullPath="/Users/omr/RiderProjects/autocomplete/AutoComplete/Builders/IndexBuilder.cs" />
        <File uid="22" fullPath="/Users/omr/RiderProjects/autocomplete/AutoComplete/Builders/TrieIndexHeaderBuilder.cs" />
      </Files>
      <Classes>
        <Class>
          <Summary numSequencePoints="63" visitedSequencePoints="62" numBranchPoints="16" visitedBranchPoints="14" sequenceCoverage="98.41" branchCoverage="87.5" maxCyclomaticComplexity="8" minCyclomaticComplexity="1" visitedClasses="1" numClasses="1" visitedMethods="5" numMethods="5" />
          <FullName>AutoComplete.Serializers.TrieIndexHeaderSerializer</FullName>
          <Methods>
            <Method cyclomaticComplexity="2" nPathComplexity="2" sequenceCoverage="100" branchCoverage="100" isConstructor="False" isGetter="False" isSetter="False" isStatic="True">
              <Summary numSequencePoints="12" visitedSequencePoints="12" numBranchPoints="2" visitedBranchPoints="2" sequenceCoverage="100" branchCoverage="100" maxCyclomaticComplexity="2" minCyclomaticComplexity="2" visitedClasses="0" numClasses="0" visitedMethods="1" numMethods="1" />
              <MetadataToken />
              <Name>System.Void AutoComplete.Serializers.TrieIndexHeaderSerializer::Serialize(System.IO.Stream,AutoComplete.DataStructure.TrieIndexHeader)</Name>
              <FileRef uid="1" />
              <SequencePoints>
                <SequencePoint vc="15" uspid="18" ordinal="0" sl="18" sc="1" el="18" ec="2" bec="0" bev="0" fileid="1" />
                <SequencePoint vc="15" uspid="19" ordinal="1" sl="19" sc="1" el="19" ec="2" bec="0" bev="0" fileid="1" />
                <SequencePoint vc="15" uspid="20" ordinal="2" sl="20" sc="1" el="20" ec="2" bec="0" bev="0" fileid="1" />
                <SequencePoint vc="435" uspid="21" ordinal="3" sl="21" sc="1" el="21" ec="2" bec="2" bev="2" fileid="1" />
                <SequencePoint vc="195" uspid="22" ordinal="4" sl="22" sc="1" el="22" ec="2" bec="0" bev="0" fileid="1" />
                <SequencePoint vc="195" uspid="23" ordinal="5" sl="23" sc="1" el="23" ec="2" bec="0" bev="0" fileid="1" />
                <SequencePoint vc="195" uspid="24" ordinal="6" sl="24" sc="1" el="24" ec="2" bec="0" bev="0" fileid="1" />
                <SequencePoint vc="195" uspid="26" ordinal="7" sl="26" sc="1" el="26" ec="2" bec="0" bev="0" fileid="1" />
                <SequencePoint vc="195" uspid="28" ordinal="8" sl="28" sc="1" el="28" ec="2" bec="0" bev="0" fileid="1" />
                <SequencePoint vc="195" uspid="30" ordinal="9" sl="30" sc="1" el="30" ec="2" bec="0" bev="0" fileid="1" />
                <SequencePoint vc="195" uspid="31" ordinal="10" sl="31" sc="1" el="31" ec="2" bec="0" bev="0" fileid="1" />
                <SequencePoint vc="30" uspid="32" ordinal="11" sl="32" sc="1" el="32" ec="2" bec="0" bev="0" fileid="1" />
              </SequencePoints>
              <BranchPoints>
                <BranchPoint vc="195" uspid="21" ordinal="1" path="1" offset="105" offsetend="31" sl="21" fileid="1" />
                <BranchPoint vc="15" uspid="21" ordinal="0" path="0" offset="105" offsetend="107" sl="21" fileid="1" />
              </BranchPoints>
              <MethodPoint vc="12" uspid="0" p8:type="SequencePoint" ordinal="0" offset="0" sc="0" sl="18" ec="1" el="32" bec="0" bev="0" fileid="1" xmlns:p8="xsi" />
            </Method>
            <Method cyclomaticComplexity="4" nPathComplexity="4" sequenceCoverage="93.75" branchCoverage="75" isConstructor="False" isGetter="False" isSetter="False" isStatic="True">
              <Summary numSequencePoints="16" visitedSequencePoints="15" numBranchPoints="4" visitedBranchPoints="3" sequenceCoverage="93.75" branchCoverage="75" maxCyclomaticComplexity="4" minCyclomaticComplexity="4" visitedClasses="0" numClasses="0" visitedMethods="1" numMethods="1" />
              <MetadataToken />
              <Name>AutoComplete.DataStructure.TrieIndexHeader AutoComplete.Serializers.TrieIndexHeaderSerializer::Deserialize(System.IO.Stream)</Name>
              <FileRef uid="1" />
              <SequencePoints>
                <SequencePoint vc="10" uspid="35" ordinal="0" sl="35" sc="1" el="35" ec="2" bec="0" bev="0" fileid="1" />
                <SequencePoint vc="10" uspid="36" ordinal="1" sl="36" sc="1" el="36" ec="2" bec="0" bev="0" fileid="1" />
                <SequencePoint vc="10" uspid="37" ordinal="2" sl="37" sc="1" el="37" ec="2" bec="0" bev="0" fileid="1" />
                <SequencePoint vc="10" uspid="39" ordinal="3" sl="39" sc="1" el="39" ec="2" bec="0" bev="0" fileid="1" />
                <SequencePoint vc="140" uspid="40" ordinal="4" sl="40" sc="1" el="40" ec="2" bec="2" bev="2" fileid="1" />
                <SequencePoint vc="130" uspid="41" ordinal="5" sl="41" sc="1" el="41" ec="2" bec="0" bev="0" fileid="1" />
                <SequencePoint vc="130" uspid="42" ordinal="6" sl="42" sc="1" el="42" ec="2" bec="0" bev="0" fileid="1" />
                <SequencePoint vc="130" uspid="43" ordinal="7" sl="43" sc="1" el="43" ec="2" bec="0" bev="0" fileid="1" />
                <SequencePoint vc="1820" uspid="44" ordinal="8" sl="44" sc="1" el="44" ec="2" bec="0" bev="0" fileid="1" />
                <SequencePoint vc="130" uspid="45" ordinal="9" sl="45" sc="1" el="45" ec="2" bec="2" bev="1" fileid="1" />
                <SequencePoint vc="0" uspid="46" ordinal="10" sl="46" sc="1" el="46" ec="2" bec="0" bev="0" fileid="1" />
                <SequencePoint vc="130" uspid="48" ordinal="11" sl="48" sc="1" el="48" ec="2" bec="0" bev="0" fileid="1" />
                <SequencePoint vc="130" uspid="49" ordinal="12" sl="49" sc="1" el="49" ec="2" bec="0" bev="0" fileid="1" />
                <SequencePoint vc="130" uspid="50" ordinal="13" sl="50" sc="1" el="50" ec="2" bec="0" bev="0" fileid="1" />
                <SequencePoint vc="10" uspid="52" ordinal="14" sl="52" sc="1" el="52" ec="2" bec="0" bev="0" fileid="1" />
                <SequencePoint vc="10" uspid="53" ordinal="15" sl="53" sc="1" el="53" ec="2" bec="0" bev="0" fileid="1" />
              </SequencePoints>
              <BranchPoints>
                <BranchPoint vc="130" uspid="40" ordinal="3" path="1" offset="151" offsetend="29" sl="40" fileid="1" />
                <BranchPoint vc="0" uspid="45" ordinal="0" path="0" offset="94" offsetend="96" sl="45" fileid="1" />
                <BranchPoint vc="130" uspid="45" ordinal="1" path="1" offset="94" offsetend="107" sl="45" fileid="1" />
                <BranchPoint vc="10" uspid="40" ordinal="2" path="0" offset="151" offsetend="153" sl="40" fileid="1" />
              </BranchPoints>
              <MethodPoint vc="15" uspid="0" p8:type="SequencePoint" ordinal="1" offset="1" sc="0" sl="35" ec="1" el="53" bec="0" bev="0" fileid="1" xmlns:p8="xsi" />
            </Method>
            <Method cyclomaticComplexity="8" nPathComplexity="8" sequenceCoverage="100" branchCoverage="87.5" isConstructor="False" isGetter="False" isSetter="False" isStatic="True">
              <Summary numSequencePoints="19" visitedSequencePoints="19" numBranchPoints="8" visitedBranchPoints="7" sequenceCoverage="100" branchCoverage="87.5" maxCyclomaticComplexity="8" minCyclomaticComplexity="8" visitedClasses="0" numClasses="0" visitedMethods="1" numMethods="1" />
              <MetadataToken />
              <Name>System.Void AutoComplete.Serializers.TrieIndexHeaderSerializer::SerializePropertyValue(System.Object,System.Type,System.IO.StreamWriter)</Name>
              <FileRef uid="1" />
              <SequencePoints>
                <SequencePoint vc="195" uspid="56" ordinal="0" sl="56" sc="1" el="56" ec="2" bec="0" bev="0" fileid="1" />
                <SequencePoint vc="195" uspid="57" ordinal="1" sl="57" sc="1" el="57" ec="2" bec="2" bev="2" fileid="1" />
                <SequencePoint vc="195" uspid="58" ordinal="2" sl="58" sc="1" el="58" ec="2" bec="0" bev="0" fileid="1" />
                <SequencePoint vc="195" uspid="59" ordinal="3" sl="59" sc="1" el="59" ec="2" bec="2" bev="2" fileid="1" />
                <SequencePoint vc="15" uspid="60" ordinal="4" sl="60" sc="1" el="60" ec="2" bec="0" bev="0" fileid="1" />
                <SequencePoint vc="15" uspid="61" ordinal="5" sl="61" sc="1" el="61" ec="2" bec="0" bev="0" fileid="1" />
                <SequencePoint vc="15" uspid="62" ordinal="6" sl="62" sc="1" el="62" ec="2" bec="0" bev="0" fileid="1" />
                <SequencePoint vc="353" uspid="64" ordinal="7" sl="64" sc="1" el="64" ec="2" bec="2" bev="2" fileid="1" />
                <SequencePoint vc="154" uspid="65" ordinal="8" sl="65" sc="1" el="65" ec="2" bec="0" bev="0" fileid="1" />
                <SequencePoint vc="154" uspid="66" ordinal="9" sl="66" sc="1" el="66" ec="2" bec="0" bev="0" fileid="1" />
                <SequencePoint vc="154" uspid="67" ordinal="10" sl="67" sc="1" el="67" ec="2" bec="0" bev="0" fileid="1" />
                <SequencePoint vc="154" uspid="68" ordinal="11" sl="68" sc="1" el="68" ec="2" bec="0" bev="0" fileid="1" />
                <SequencePoint vc="154" uspid="69" ordinal="12" sl="69" sc="1" el="69" ec="2" bec="0" bev="0" fileid="1" />
                <SequencePoint vc="15" uspid="70" ordinal="13" sl="70" sc="1" el="70" ec="2" bec="0" bev="0" fileid="1" />
                <SequencePoint vc="180" uspid="72" ordinal="14" sl="72" sc="1" el="72" ec="2" bec="0" bev="0" fileid="1" />
                <SequencePoint vc="180" uspid="73" ordinal="15" sl="73" sc="1" el="73" ec="2" bec="2" bev="1" fileid="1" />
                <SequencePoint vc="180" uspid="74" ordinal="16" sl="74" sc="1" el="74" ec="2" bec="0" bev="0" fileid="1" />
                <SequencePoint vc="195" uspid="75" ordinal="17" sl="75" sc="1" el="75" ec="2" bec="0" bev="0" fileid="1" />
                <SequencePoint vc="195" uspid="76" ordinal="18" sl="76" sc="1" el="76" ec="2" bec="0" bev="0" fileid="1" />
              </SequencePoints>
              <BranchPoints>
                <BranchPoint vc="195" uspid="57" ordinal="0" path="0" offset="7" offsetend="12" sl="57" fileid="1" />
                <BranchPoint vc="15" uspid="59" ordinal="2" path="0" offset="41" offsetend="43" sl="59" fileid="1" />
                <BranchPoint vc="154" uspid="64" ordinal="5" path="1" offset="103" offsetend="65" sl="64" fileid="1" />
                <BranchPoint vc="15" uspid="64" ordinal="4" path="0" offset="103" offsetend="105" sl="64" fileid="1" />
                <BranchPoint vc="180" uspid="59" ordinal="3" path="1" offset="41" offsetend="125" sl="59" fileid="1" />
                <BranchPoint vc="0" uspid="73" ordinal="6" path="0" offset="128" offsetend="130" sl="73" fileid="1" />
                <BranchPoint vc="180" uspid="73" ordinal="7" path="1" offset="128" offsetend="133" sl="73" fileid="1" />
                <BranchPoint vc="195" uspid="57" ordinal="1" path="1" offset="7" offsetend="147" sl="57" fileid="1" />
              </BranchPoints>
              <MethodPoint vc="19" uspid="0" p8:type="SequencePoint" ordinal="2" offset="2" sc="0" sl="56" ec="1" el="76" bec="0" bev="0" fileid="1" xmlns:p8="xsi" />
            </Method>
            <Method cyclomaticComplexity="2" nPathComplexity="2" sequenceCoverage="100" branchCoverage="100" isConstructor="False" isGetter="False" isSetter="False" isStatic="True">
              <Summary numSequencePoints="13" visitedSequencePoints="13" numBranchPoints="2" visitedBranchPoints="2" sequenceCoverage="100" branchCoverage="100" maxCyclomaticComplexity="2" minCyclomaticComplexity="2" visitedClasses="0" numClasses="0" visitedMethods="1" numMethods="1" />
              <MetadataToken />
              <Name>System.Object AutoComplete.Serializers.TrieIndexHeaderSerializer::DeserializeValue(System.String,System.Type)</Name>
              <FileRef uid="1" />
              <SequencePoints>
                <SequencePoint vc="130" uspid="79" ordinal="0" sl="79" sc="1" el="79" ec="2" bec="0" bev="0" fileid="1" />
                <SequencePoint vc="130" uspid="80" ordinal="1" sl="80" sc="1" el="80" ec="2" bec="0" bev="0" fileid="1" />
                <SequencePoint vc="130" uspid="81" ordinal="2" sl="81" sc="1" el="81" ec="2" bec="2" bev="2" fileid="1" />
                <SequencePoint vc="10" uspid="82" ordinal="3" sl="82" sc="1" el="82" ec="2" bec="0" bev="0" fileid="1" />
                <SequencePoint vc="10" uspid="83" ordinal="4" sl="83" sc="1" el="83" ec="2" bec="0" bev="0" fileid="1" />
                <SequencePoint vc="120" uspid="84" ordinal="5" sl="84" sc="1" el="84" ec="2" bec="0" bev="0" fileid="1" />
                <SequencePoint vc="10" uspid="85" ordinal="6" sl="85" sc="1" el="85" ec="2" bec="0" bev="0" fileid="1" />
                <SequencePoint vc="10" uspid="86" ordinal="7" sl="86" sc="1" el="86" ec="2" bec="0" bev="0" fileid="1" />
                <SequencePoint vc="120" uspid="88" ordinal="8" sl="88" sc="1" el="88" ec="2" bec="0" bev="0" fileid="1" />
                <SequencePoint vc="120" uspid="89" ordinal="9" sl="89" sc="1" el="89" ec="2" bec="0" bev="0" fileid="1" />
                <SequencePoint vc="120" uspid="90" ordinal="10" sl="90" sc="1" el="90" ec="2" bec="0" bev="0" fileid="1" />
                <SequencePoint vc="130" uspid="92" ordinal="11" sl="92" sc="1" el="92" ec="2" bec="0" bev="0" fileid="1" />
                <SequencePoint vc="130" uspid="93" ordinal="12" sl="93" sc="1" el="93" ec="2" bec="0" bev="0" fileid="1" />
              </SequencePoints>
              <BranchPoints>
                <BranchPoint vc="10" uspid="81" ordinal="0" path="0" offset="31" offsetend="33" sl="81" fileid="1" />
                <BranchPoint vc="120" uspid="81" ordinal="1" path="1" offset="31" offsetend="88" sl="81" fileid="1" />
              </BranchPoints>
              <MethodPoint vc="13" uspid="0" p8:type="SequencePoint" ordinal="3" offset="3" sc="0" sl="79" ec="1" el="93" bec="0" bev="0" fileid="1" xmlns:p8="xsi" />
            </Method>
            <Method cyclomaticComplexity="1" nPathComplexity="1" sequenceCoverage="100" branchCoverage="100" isConstructor="False" isGetter="False" isSetter="False" isStatic="True">
              <Summary numSequencePoints="3" visitedSequencePoints="3" numBranchPoints="0" visitedBranchPoints="0" sequenceCoverage="100" branchCoverage="100" maxCyclomaticComplexity="1" minCyclomaticComplexity="1" visitedClasses="0" numClasses="0" visitedMethods="1" numMethods="1" />
              <MetadataToken />
              <Name>System.Collections.Generic.IEnumerable`1&lt;System.Reflection.PropertyInfo&gt; AutoComplete.Serializers.TrieIndexHeaderSerializer::GetProperties(AutoComplete.DataStructure.TrieIndexHeader)</Name>
              <FileRef uid="1" />
              <SequencePoints>
                <SequencePoint vc="25" uspid="96" ordinal="0" sl="96" sc="1" el="96" ec="2" bec="0" bev="0" fileid="1" />
                <SequencePoint vc="25" uspid="97" ordinal="1" sl="97" sc="1" el="97" ec="2" bec="0" bev="0" fileid="1" />
                <SequencePoint vc="25" uspid="98" ordinal="2" sl="98" sc="1" el="98" ec="2" bec="0" bev="0" fileid="1" />
              </SequencePoints>
              <BranchPoints />
              <MethodPoint vc="3" uspid="0" p8:type="SequencePoint" ordinal="4" offset="4" sc="0" sl="96" ec="1" el="98" bec="0" bev="0" fileid="1" xmlns:p8="xsi" />
            </Method>
          </Methods>
        </Class>
        <Class>
          <Summary numSequencePoints="45" visitedSequencePoints="44" numBranchPoints="16" visitedBranchPoints="15" sequenceCoverage="97.77" branchCoverage="93.75" maxCyclomaticComplexity="10" minCyclomaticComplexity="6" visitedClasses="1" numClasses="1" visitedMethods="2" numMethods="2" />
          <FullName>AutoComplete.Serializers.TrieIndexSerializer</FullName>
          <Methods>
            <Method cyclomaticComplexity="10" nPathComplexity="10" sequenceCoverage="96.15" branchCoverage="90" isConstructor="False" isGetter="False" isSetter="False" isStatic="True">
              <Summary numSequencePoints="26" visitedSequencePoints="25" numBranchPoints="10" visitedBranchPoints="9" sequenceCoverage="96.15" branchCoverage="90" maxCyclomaticComplexity="10" minCyclomaticComplexity="10" visitedClasses="0" numClasses="0" visitedMethods="1" numMethods="1" />
              <MetadataToken />
              <Name>System.Int32 AutoComplete.Serializers.TrieIndexSerializer::Serialize(AutoComplete.DataStructure.TrieNode,AutoComplete.DataStructure.TrieIndexHeader,System.IO.Stream)</Name>
              <FileRef uid="2" />
              <SequencePoints>
                <SequencePoint vc="15" uspid="23" ordinal="0" sl="23" sc="1" el="23" ec="2" bec="0" bev="0" fileid="2" />
                <SequencePoint vc="15" uspid="24" ordinal="1" sl="24" sc="1" el="24" ec="2" bec="0" bev="0" fileid="2" />
                <SequencePoint vc="15" uspid="25" ordinal="2" sl="25" sc="1" el="25" ec="2" bec="0" bev="0" fileid="2" />
                <SequencePoint vc="15" uspid="26" ordinal="3" sl="26" sc="1" el="26" ec="2" bec="0" bev="0" fileid="2" />
                <SequencePoint vc="15" uspid="27" ordinal="4" sl="27" sc="1" el="27" ec="2" bec="0" bev="0" fileid="2" />
                <SequencePoint vc="15" uspid="29" ordinal="5" sl="29" sc="1" el="29" ec="2" bec="0" bev="0" fileid="2" />
                <SequencePoint vc="203" uspid="30" ordinal="6" sl="30" sc="1" el="30" ec="2" bec="2" bev="2" fileid="2" />
                <SequencePoint vc="188" uspid="31" ordinal="7" sl="31" sc="1" el="31" ec="2" bec="0" bev="0" fileid="2" />
                <SequencePoint vc="188" uspid="32" ordinal="8" sl="32" sc="1" el="32" ec="2" bec="0" bev="0" fileid="2" />
                <SequencePoint vc="188" uspid="33" ordinal="9" sl="33" sc="1" el="33" ec="2" bec="2" bev="1" fileid="2" />
                <SequencePoint vc="0" uspid="34" ordinal="10" sl="34" sc="1" el="34" ec="2" bec="0" bev="0" fileid="2" />
                <SequencePoint vc="188" uspid="37" ordinal="11" sl="37" sc="1" el="37" ec="2" bec="0" bev="0" fileid="2" />
                <SequencePoint vc="188" uspid="39" ordinal="12" sl="39" sc="1" el="39" ec="2" bec="2" bev="2" fileid="2" />
                <SequencePoint vc="188" uspid="40" ordinal="13" sl="40" sc="1" el="40" ec="2" bec="0" bev="0" fileid="2" />
                <SequencePoint vc="188" uspid="42" ordinal="14" sl="42" sc="1" el="42" ec="2" bec="0" bev="0" fileid="2" />
                <SequencePoint vc="188" uspid="44" ordinal="15" sl="44" sc="1" el="44" ec="2" bec="2" bev="2" fileid="2" />
                <SequencePoint vc="150" uspid="45" ordinal="16" sl="45" sc="1" el="45" ec="2" bec="0" bev="0" fileid="2" />
                <SequencePoint vc="796" uspid="46" ordinal="17" sl="46" sc="1" el="46" ec="2" bec="2" bev="2" fileid="2" />
                <SequencePoint vc="173" uspid="47" ordinal="18" sl="47" sc="1" el="47" ec="2" bec="0" bev="0" fileid="2" />
                <SequencePoint vc="173" uspid="48" ordinal="19" sl="48" sc="1" el="48" ec="2" bec="0" bev="0" fileid="2" />
                <SequencePoint vc="173" uspid="49" ordinal="20" sl="49" sc="1" el="49" ec="2" bec="0" bev="0" fileid="2" />
                <SequencePoint vc="150" uspid="50" ordinal="21" sl="50" sc="1" el="50" ec="2" bec="0" bev="0" fileid="2" />
                <SequencePoint vc="188" uspid="52" ordinal="22" sl="52" sc="1" el="52" ec="2" bec="0" bev="0" fileid="2" />
                <SequencePoint vc="188" uspid="53" ordinal="23" sl="53" sc="1" el="53" ec="2" bec="0" bev="0" fileid="2" />
                <SequencePoint vc="15" uspid="55" ordinal="24" sl="55" sc="1" el="55" ec="2" bec="0" bev="0" fileid="2" />
                <SequencePoint vc="15" uspid="56" ordinal="25" sl="56" sc="1" el="56" ec="2" bec="0" bev="0" fileid="2" />
              </SequencePoints>
              <BranchPoints>
                <BranchPoint vc="188" uspid="30" ordinal="9" path="1" offset="244" offsetend="36" sl="30" fileid="2" />
                <BranchPoint vc="0" uspid="33" ordinal="0" path="0" offset="54" offsetend="56" sl="33" fileid="2" />
                <BranchPoint vc="188" uspid="33" ordinal="1" path="1" offset="54" offsetend="67" sl="33" fileid="2" />
                <BranchPoint vc="15" uspid="39" ordinal="2" path="0" offset="94" offsetend="96" sl="39" fileid="2" />
                <BranchPoint vc="173" uspid="39" ordinal="3" path="1" offset="94" offsetend="104" sl="39" fileid="2" />
                <BranchPoint vc="150" uspid="44" ordinal="4" path="0" offset="156" offsetend="158" sl="44" fileid="2" />
                <BranchPoint vc="173" uspid="46" ordinal="7" path="1" offset="208" offsetend="176" sl="46" fileid="2" />
                <BranchPoint vc="150" uspid="46" ordinal="6" path="0" offset="208" offsetend="210" sl="46" fileid="2" />
                <BranchPoint vc="188" uspid="44" ordinal="5" path="1" offset="156" offsetend="226" sl="44" fileid="2" />
                <BranchPoint vc="15" uspid="30" ordinal="8" path="0" offset="244" offsetend="249" sl="30" fileid="2" />
              </BranchPoints>
              <MethodPoint vc="25" uspid="0" p8:type="SequencePoint" ordinal="0" offset="0" sc="0" sl="23" ec="1" el="56" bec="0" bev="0" fileid="2" xmlns:p8="xsi" />
            </Method>
            <Method cyclomaticComplexity="6" nPathComplexity="6" sequenceCoverage="100" branchCoverage="100" isConstructor="False" isGetter="False" isSetter="False" isStatic="True">
              <Summary numSequencePoints="19" visitedSequencePoints="19" numBranchPoints="6" visitedBranchPoints="6" sequenceCoverage="100" branchCoverage="100" maxCyclomaticComplexity="6" minCyclomaticComplexity="6" visitedClasses="0" numClasses="0" visitedMethods="1" numMethods="1" />
              <MetadataToken />
              <Name>System.Void AutoComplete.Serializers.TrieIndexSerializer::SerializeChildren(System.IO.BinaryWriter,AutoComplete.DataStructure.TrieIndexHeader,AutoComplete.Readers.TrieIndexHeaderCharacterReader,AutoComplete.DataStructure.TrieNode)</Name>
              <FileRef uid="2" />
              <SequencePoints>
                <SequencePoint vc="188" uspid="69" ordinal="0" sl="69" sc="1" el="69" ec="2" bec="0" bev="0" fileid="2" />
                <SequencePoint vc="188" uspid="71" ordinal="1" sl="71" sc="1" el="71" ec="2" bec="0" bev="0" fileid="2" />
                <SequencePoint vc="188" uspid="72" ordinal="2" sl="72" sc="1" el="72" ec="2" bec="2" bev="2" fileid="2" />
                <SequencePoint vc="150" uspid="73" ordinal="3" sl="73" sc="1" el="73" ec="2" bec="0" bev="0" fileid="2" />
                <SequencePoint vc="796" uspid="74" ordinal="4" sl="74" sc="1" el="74" ec="2" bec="2" bev="2" fileid="2" />
                <SequencePoint vc="173" uspid="75" ordinal="5" sl="75" sc="1" el="75" ec="2" bec="0" bev="0" fileid="2" />
                <SequencePoint vc="173" uspid="76" ordinal="6" sl="76" sc="1" el="76" ec="2" bec="0" bev="0" fileid="2" />
                <SequencePoint vc="173" uspid="77" ordinal="7" sl="77" sc="1" el="77" ec="2" bec="0" bev="0" fileid="2" />
                <SequencePoint vc="173" uspid="78" ordinal="8" sl="78" sc="1" el="78" ec="2" bec="0" bev="0" fileid="2" />
                <SequencePoint vc="150" uspid="79" ordinal="9" sl="79" sc="1" el="79" ec="2" bec="0" bev="0" fileid="2" />
                <SequencePoint vc="188" uspid="81" ordinal="10" sl="81" sc="1" el="81" ec="2" bec="0" bev="0" fileid="2" />
                <SequencePoint vc="188" uspid="82" ordinal="11" sl="82" sc="1" el="82" ec="2" bec="0" bev="0" fileid="2" />
                <SequencePoint vc="940" uspid="84" ordinal="12" sl="84" sc="1" el="84" ec="2" bec="2" bev="2" fileid="2" />
                <SequencePoint vc="188" uspid="85" ordinal="13" sl="85" sc="1" el="85" ec="2" bec="0" bev="0" fileid="2" />
                <SequencePoint vc="188" uspid="86" ordinal="14" sl="86" sc="1" el="86" ec="2" bec="0" bev="0" fileid="2" />
                <SequencePoint vc="188" uspid="87" ordinal="15" sl="87" sc="1" el="87" ec="2" bec="0" bev="0" fileid="2" />
                <SequencePoint vc="188" uspid="90" ordinal="16" sl="90" sc="1" el="90" ec="2" bec="0" bev="0" fileid="2" />
                <SequencePoint vc="188" uspid="91" ordinal="17" sl="91" sc="1" el="91" ec="2" bec="0" bev="0" fileid="2" />
                <SequencePoint vc="188" uspid="92" ordinal="18" sl="92" sc="1" el="92" ec="2" bec="0" bev="0" fileid="2" />
              </SequencePoints>
              <BranchPoints>
                <BranchPoint vc="150" uspid="72" ordinal="0" path="0" offset="24" offsetend="26" sl="72" fileid="2" />
                <BranchPoint vc="173" uspid="74" ordinal="3" path="1" offset="88" offsetend="42" sl="74" fileid="2" />
                <BranchPoint vc="150" uspid="74" ordinal="2" path="0" offset="88" offsetend="90" sl="74" fileid="2" />
                <BranchPoint vc="188" uspid="72" ordinal="1" path="1" offset="24" offsetend="104" sl="72" fileid="2" />
                <BranchPoint vc="188" uspid="84" ordinal="5" path="1" offset="164" offsetend="134" sl="84" fileid="2" />
                <BranchPoint vc="188" uspid="84" ordinal="4" path="0" offset="164" offsetend="166" sl="84" fileid="2" />
              </BranchPoints>
              <MethodPoint vc="19" uspid="0" p8:type="SequencePoint" ordinal="1" offset="1" sc="0" sl="69" ec="1" el="92" bec="0" bev="0" fileid="2" xmlns:p8="xsi" />
            </Method>
          </Methods>
        </Class>
        <Class>
          <Summary numSequencePoints="3" visitedSequencePoints="3" numBranchPoints="0" visitedBranchPoints="0" sequenceCoverage="100" branchCoverage="100" maxCyclomaticComplexity="1" minCyclomaticComplexity="1" visitedClasses="1" numClasses="1" visitedMethods="3" numMethods="3" />
          <FullName>AutoComplete.Searchers.IndexData</FullName>
          <Methods>
            <Method cyclomaticComplexity="1" nPathComplexity="1" sequenceCoverage="100" branchCoverage="100" isConstructor="False" isGetter="True" isSetter="False" isStatic="True">
              <Summary numSequencePoints="1" visitedSequencePoints="1" numBranchPoints="0" visitedBranchPoints="0" sequenceCoverage="100" branchCoverage="100" maxCyclomaticComplexity="1" minCyclomaticComplexity="1" visitedClasses="0" numClasses="0" visitedMethods="1" numMethods="1" />
              <MetadataToken />
              <Name>AutoComplete.DataStructure.TrieIndexHeader AutoComplete.Searchers.IndexData::get_Header()</Name>
              <FileRef uid="3" />
              <SequencePoints>
                <SequencePoint vc="24" uspid="8" ordinal="0" sl="8" sc="1" el="8" ec="2" bec="0" bev="0" fileid="3" />
              </SequencePoints>
              <BranchPoints />
              <MethodPoint vc="1" uspid="0" p8:type="SequencePoint" ordinal="0" offset="0" sc="0" sl="8" ec="1" el="8" bec="0" bev="0" fileid="3" xmlns:p8="xsi" />
            </Method>
            <Method cyclomaticComplexity="1" nPathComplexity="1" sequenceCoverage="100" branchCoverage="100" isConstructor="False" isGetter="True" isSetter="False" isStatic="True">
              <Summary numSequencePoints="1" visitedSequencePoints="1" numBranchPoints="0" visitedBranchPoints="0" sequenceCoverage="100" branchCoverage="100" maxCyclomaticComplexity="1" minCyclomaticComplexity="1" visitedClasses="0" numClasses="0" visitedMethods="1" numMethods="1" />
              <MetadataToken />
              <Name>System.IO.Stream AutoComplete.Searchers.IndexData::get_Index()</Name>
              <FileRef uid="3" />
              <SequencePoints>
                <SequencePoint vc="20" uspid="9" ordinal="0" sl="9" sc="1" el="9" ec="2" bec="0" bev="0" fileid="3" />
              </SequencePoints>
              <BranchPoints />
              <MethodPoint vc="1" uspid="0" p8:type="SequencePoint" ordinal="1" offset="1" sc="0" sl="9" ec="1" el="9" bec="0" bev="0" fileid="3" xmlns:p8="xsi" />
            </Method>
            <Method cyclomaticComplexity="1" nPathComplexity="1" sequenceCoverage="100" branchCoverage="100" isConstructor="False" isGetter="True" isSetter="False" isStatic="True">
              <Summary numSequencePoints="1" visitedSequencePoints="1" numBranchPoints="0" visitedBranchPoints="0" sequenceCoverage="100" branchCoverage="100" maxCyclomaticComplexity="1" minCyclomaticComplexity="1" visitedClasses="0" numClasses="0" visitedMethods="1" numMethods="1" />
              <MetadataToken />
              <Name>System.IO.Stream AutoComplete.Searchers.IndexData::get_Tail()</Name>
              <FileRef uid="3" />
              <SequencePoints>
                <SequencePoint vc="15" uspid="10" ordinal="0" sl="10" sc="1" el="10" ec="2" bec="0" bev="0" fileid="3" />
              </SequencePoints>
              <BranchPoints />
              <MethodPoint vc="1" uspid="0" p8:type="SequencePoint" ordinal="2" offset="2" sc="0" sl="10" ec="1" el="10" bec="0" bev="0" fileid="3" xmlns:p8="xsi" />
            </Method>
          </Methods>
        </Class>
        <Class>
          <Summary numSequencePoints="54" visitedSequencePoints="50" numBranchPoints="14" visitedBranchPoints="12" sequenceCoverage="92.59" branchCoverage="85.71" maxCyclomaticComplexity="12" minCyclomaticComplexity="1" visitedClasses="1" numClasses="1" visitedMethods="4" numMethods="4" />
          <FullName>AutoComplete.Searchers.IndexSearcher</FullName>
          <Methods>
            <Method cyclomaticComplexity="2" nPathComplexity="2" sequenceCoverage="85.71" branchCoverage="50" isConstructor="False" isGetter="False" isSetter="False" isStatic="True">
              <Summary numSequencePoints="7" visitedSequencePoints="6" numBranchPoints="2" visitedBranchPoints="1" sequenceCoverage="85.71" branchCoverage="50" maxCyclomaticComplexity="2" minCyclomaticComplexity="2" visitedClasses="0" numClasses="0" visitedMethods="1" numMethods="1" />
              <MetadataToken />
              <Name>AutoComplete.Domain.SearchResult AutoComplete.Searchers.IndexSearcher::Search(AutoComplete.Domain.SearchOptions)</Name>
              <FileRef uid="4" />
              <SequencePoints>
                <SequencePoint vc="10" uspid="14" ordinal="0" sl="14" sc="1" el="14" ec="2" bec="0" bev="0" fileid="4" />
                <SequencePoint vc="10" uspid="15" ordinal="1" sl="15" sc="1" el="15" ec="2" bec="2" bev="1" fileid="4" />
                <SequencePoint vc="0" uspid="16" ordinal="2" sl="16" sc="1" el="16" ec="2" bec="0" bev="0" fileid="4" />
                <SequencePoint vc="10" uspid="18" ordinal="3" sl="18" sc="1" el="18" ec="2" bec="0" bev="0" fileid="4" />
                <SequencePoint vc="10" uspid="19" ordinal="4" sl="19" sc="1" el="19" ec="2" bec="0" bev="0" fileid="4" />
                <SequencePoint vc="10" uspid="21" ordinal="5" sl="21" sc="1" el="21" ec="2" bec="0" bev="0" fileid="4" />
                <SequencePoint vc="10" uspid="22" ordinal="6" sl="22" sc="1" el="22" ec="2" bec="0" bev="0" fileid="4" />
              </SequencePoints>
              <BranchPoints>
                <BranchPoint vc="0" uspid="15" ordinal="0" path="0" offset="7" offsetend="9" sl="15" fileid="4" />
                <BranchPoint vc="10" uspid="15" ordinal="1" path="1" offset="7" offsetend="20" sl="15" fileid="4" />
              </BranchPoints>
              <MethodPoint vc="6" uspid="0" p8:type="SequencePoint" ordinal="0" offset="0" sc="0" sl="14" ec="1" el="22" bec="0" bev="0" fileid="4" xmlns:p8="xsi" />
            </Method>
            <Method cyclomaticComplexity="1" nPathComplexity="1" sequenceCoverage="100" branchCoverage="100" isConstructor="False" isGetter="False" isSetter="False" isStatic="True">
              <Summary numSequencePoints="3" visitedSequencePoints="3" numBranchPoints="0" visitedBranchPoints="0" sequenceCoverage="100" branchCoverage="100" maxCyclomaticComplexity="1" minCyclomaticComplexity="1" visitedClasses="0" numClasses="0" visitedMethods="1" numMethods="1" />
              <MetadataToken />
              <Name>System.Void AutoComplete.Searchers.IndexSearcher::Init()</Name>
              <FileRef uid="4" />
              <SequencePoints>
                <SequencePoint vc="10" uspid="25" ordinal="0" sl="25" sc="1" el="25" ec="2" bec="0" bev="0" fileid="4" />
                <SequencePoint vc="10" uspid="26" ordinal="1" sl="26" sc="1" el="26" ec="2" bec="0" bev="0" fileid="4" />
                <SequencePoint vc="10" uspid="27" ordinal="2" sl="27" sc="1" el="27" ec="2" bec="0" bev="0" fileid="4" />
              </SequencePoints>
              <BranchPoints />
              <MethodPoint vc="3" uspid="0" p8:type="SequencePoint" ordinal="1" offset="1" sc="0" sl="25" ec="1" el="27" bec="0" bev="0" fileid="4" xmlns:p8="xsi" />
            </Method>
            <Method cyclomaticComplexity="12" nPathComplexity="12" sequenceCoverage="92.1" branchCoverage="91.66" isConstructor="False" isGetter="False" isSetter="False" isStatic="True">
              <Summary numSequencePoints="38" visitedSequencePoints="35" numBranchPoints="12" visitedBranchPoints="11" sequenceCoverage="92.1" branchCoverage="91.66" maxCyclomaticComplexity="12" minCyclomaticComplexity="12" visitedClasses="0" numClasses="0" visitedMethods="1" numMethods="1" />
              <MetadataToken />
              <Name>AutoComplete.Domain.SearchResult AutoComplete.Searchers.IndexSearcher::CreateResultFromNode(AutoComplete.Readers.TrieBinaryReader,AutoComplete.DataStructure.TrieNodeStructSearchResult,System.String,AutoComplete.Domain.SearchOptions)</Name>
              <FileRef uid="4" />
              <SequencePoints>
                <SequencePoint vc="10" uspid="33" ordinal="0" sl="33" sc="1" el="33" ec="2" bec="0" bev="0" fileid="4" />
                <SequencePoint vc="10" uspid="34" ordinal="1" sl="34" sc="1" el="34" ec="2" bec="0" bev="0" fileid="4" />
                <SequencePoint vc="10" uspid="35" ordinal="2" sl="35" sc="1" el="35" ec="2" bec="2" bev="2" fileid="4" />
                <SequencePoint vc="3" uspid="36" ordinal="3" sl="36" sc="1" el="36" ec="2" bec="0" bev="0" fileid="4" />
                <SequencePoint vc="3" uspid="37" ordinal="4" sl="37" sc="1" el="37" ec="2" bec="0" bev="0" fileid="4" />
                <SequencePoint vc="3" uspid="38" ordinal="5" sl="38" sc="1" el="38" ec="2" bec="0" bev="0" fileid="4" />
                <SequencePoint vc="7" uspid="41" ordinal="6" sl="41" sc="1" el="41" ec="2" bec="0" bev="0" fileid="4" />
                <SequencePoint vc="7" uspid="42" ordinal="7" sl="42" sc="1" el="42" ec="2" bec="2" bev="2" fileid="4" />
                <SequencePoint vc="2" uspid="43" ordinal="8" sl="43" sc="1" el="43" ec="2" bec="0" bev="0" fileid="4" />
                <SequencePoint vc="2" uspid="44" ordinal="9" sl="44" sc="1" el="44" ec="2" bec="2" bev="1" fileid="4" />
                <SequencePoint vc="0" uspid="45" ordinal="10" sl="45" sc="1" el="45" ec="2" bec="0" bev="0" fileid="4" />
                <SequencePoint vc="0" uspid="46" ordinal="11" sl="46" sc="1" el="46" ec="2" bec="0" bev="0" fileid="4" />
                <SequencePoint vc="0" uspid="47" ordinal="12" sl="47" sc="1" el="47" ec="2" bec="0" bev="0" fileid="4" />
                <SequencePoint vc="2" uspid="50" ordinal="13" sl="50" sc="1" el="50" ec="2" bec="0" bev="0" fileid="4" />
                <SequencePoint vc="2" uspid="51" ordinal="14" sl="51" sc="1" el="51" ec="2" bec="0" bev="0" fileid="4" />
                <SequencePoint vc="5" uspid="52" ordinal="15" sl="52" sc="1" el="52" ec="2" bec="2" bev="2" fileid="4" />
                <SequencePoint vc="5" uspid="53" ordinal="16" sl="53" sc="1" el="53" ec="2" bec="0" bev="0" fileid="4" />
                <SequencePoint vc="5" uspid="54" ordinal="17" sl="54" sc="1" el="54" ec="2" bec="2" bev="2" fileid="4" />
                <SequencePoint vc="5" uspid="55" ordinal="18" sl="55" sc="1" el="55" ec="2" bec="0" bev="0" fileid="4" />
                <SequencePoint vc="7" uspid="57" ordinal="19" sl="57" sc="1" el="57" ec="2" bec="0" bev="0" fileid="4" />
                <SequencePoint vc="7" uspid="59" ordinal="20" sl="59" sc="1" el="59" ec="2" bec="2" bev="2" fileid="4" />
                <SequencePoint vc="1" uspid="60" ordinal="21" sl="60" sc="1" el="60" ec="2" bec="0" bev="0" fileid="4" />
                <SequencePoint vc="1" uspid="61" ordinal="22" sl="61" sc="1" el="61" ec="2" bec="0" bev="0" fileid="4" />
                <SequencePoint vc="1" uspid="62" ordinal="23" sl="62" sc="1" el="62" ec="2" bec="0" bev="0" fileid="4" />
                <SequencePoint vc="1" uspid="63" ordinal="24" sl="63" sc="1" el="63" ec="2" bec="0" bev="0" fileid="4" />
                <SequencePoint vc="1" uspid="64" ordinal="25" sl="64" sc="1" el="64" ec="2" bec="0" bev="0" fileid="4" />
                <SequencePoint vc="1" uspid="65" ordinal="26" sl="65" sc="1" el="65" ec="2" bec="0" bev="0" fileid="4" />
                <SequencePoint vc="1" uspid="66" ordinal="27" sl="66" sc="1" el="66" ec="2" bec="0" bev="0" fileid="4" />
                <SequencePoint vc="1" uspid="67" ordinal="28" sl="67" sc="1" el="67" ec="2" bec="0" bev="0" fileid="4" />
                <SequencePoint vc="6" uspid="69" ordinal="29" sl="69" sc="1" el="69" ec="2" bec="0" bev="0" fileid="4" />
                <SequencePoint vc="6" uspid="70" ordinal="30" sl="70" sc="1" el="70" ec="2" bec="0" bev="0" fileid="4" />
                <SequencePoint vc="6" uspid="71" ordinal="31" sl="71" sc="1" el="71" ec="2" bec="0" bev="0" fileid="4" />
                <SequencePoint vc="6" uspid="72" ordinal="32" sl="72" sc="1" el="72" ec="2" bec="0" bev="0" fileid="4" />
                <SequencePoint vc="6" uspid="73" ordinal="33" sl="73" sc="1" el="73" ec="2" bec="0" bev="0" fileid="4" />
                <SequencePoint vc="6" uspid="74" ordinal="34" sl="74" sc="1" el="74" ec="2" bec="0" bev="0" fileid="4" />
                <SequencePoint vc="6" uspid="75" ordinal="35" sl="75" sc="1" el="75" ec="2" bec="0" bev="0" fileid="4" />
                <SequencePoint vc="7" uspid="78" ordinal="36" sl="78" sc="1" el="78" ec="2" bec="0" bev="0" fileid="4" />
                <SequencePoint vc="10" uspid="79" ordinal="37" sl="79" sc="1" el="79" ec="2" bec="0" bev="0" fileid="4" />
              </SequencePoints>
              <BranchPoints>
                <BranchPoint vc="3" uspid="35" ordinal="0" path="0" offset="18" offsetend="20" sl="35" fileid="4" />
                <BranchPoint vc="7" uspid="35" ordinal="1" path="1" offset="18" offsetend="41" sl="35" fileid="4" />
                <BranchPoint vc="2" uspid="42" ordinal="2" path="0" offset="56" offsetend="58" sl="42" fileid="4" />
                <BranchPoint vc="0" uspid="44" ordinal="4" path="0" offset="73" offsetend="75" sl="44" fileid="4" />
                <BranchPoint vc="2" uspid="44" ordinal="5" path="1" offset="73" offsetend="96" sl="44" fileid="4" />
                <BranchPoint vc="5" uspid="42" ordinal="3" path="1" offset="56" offsetend="115" sl="42" fileid="4" />
                <BranchPoint vc="5" uspid="52" ordinal="6" path="0" offset="128" offsetend="130" sl="52" fileid="4" />
                <BranchPoint vc="1" uspid="54" ordinal="8" path="0" offset="142" offsetend="144" sl="54" fileid="4" />
                <BranchPoint vc="4" uspid="54" ordinal="9" path="1" offset="142" offsetend="147" sl="54" fileid="4" />
                <BranchPoint vc="7" uspid="52" ordinal="7" path="1" offset="128" offsetend="164" sl="52" fileid="4" />
                <BranchPoint vc="1" uspid="59" ordinal="10" path="0" offset="195" offsetend="197" sl="59" fileid="4" />
                <BranchPoint vc="6" uspid="59" ordinal="11" path="1" offset="195" offsetend="244" sl="59" fileid="4" />
              </BranchPoints>
              <MethodPoint vc="35" uspid="0" p8:type="SequencePoint" ordinal="2" offset="2" sc="0" sl="33" ec="1" el="79" bec="0" bev="0" fileid="4" xmlns:p8="xsi" />
            </Method>
            <Method cyclomaticComplexity="1" nPathComplexity="1" sequenceCoverage="100" branchCoverage="100" isConstructor="False" isGetter="False" isSetter="False" isStatic="True">
              <Summary numSequencePoints="6" visitedSequencePoints="6" numBranchPoints="0" visitedBranchPoints="0" sequenceCoverage="100" branchCoverage="100" maxCyclomaticComplexity="1" minCyclomaticComplexity="1" visitedClasses="0" numClasses="0" visitedMethods="1" numMethods="1" />
              <MetadataToken />
              <Name>AutoComplete.Readers.TrieBinaryReader AutoComplete.Searchers.IndexSearcher::CreateTrieBinaryReader()</Name>
              <FileRef uid="4" />
              <SequencePoints>
                <SequencePoint vc="10" uspid="82" ordinal="0" sl="82" sc="1" el="82" ec="2" bec="0" bev="0" fileid="4" />
                <SequencePoint vc="10" uspid="83" ordinal="1" sl="83" sc="1" el="83" ec="2" bec="0" bev="0" fileid="4" />
                <SequencePoint vc="10" uspid="84" ordinal="2" sl="84" sc="1" el="84" ec="2" bec="0" bev="0" fileid="4" />
                <SequencePoint vc="10" uspid="85" ordinal="3" sl="85" sc="1" el="85" ec="2" bec="0" bev="0" fileid="4" />
                <SequencePoint vc="10" uspid="87" ordinal="4" sl="87" sc="1" el="87" ec="2" bec="0" bev="0" fileid="4" />
                <SequencePoint vc="10" uspid="88" ordinal="5" sl="88" sc="1" el="88" ec="2" bec="0" bev="0" fileid="4" />
              </SequencePoints>
              <BranchPoints />
              <MethodPoint vc="6" uspid="0" p8:type="SequencePoint" ordinal="3" offset="3" sc="0" sl="82" ec="1" el="88" bec="0" bev="0" fileid="4" xmlns:p8="xsi" />
            </Method>
          </Methods>
        </Class>
        <Class>
          <Summary numSequencePoints="134" visitedSequencePoints="133" numBranchPoints="34" visitedBranchPoints="33" sequenceCoverage="99.25" branchCoverage="97.05" maxCyclomaticComplexity="8" minCyclomaticComplexity="1" visitedClasses="1" numClasses="1" visitedMethods="13" numMethods="13" />
          <FullName>AutoComplete.Readers.TrieBinaryReader</FullName>
          <Methods>
            <Method cyclomaticComplexity="1" nPathComplexity="1" sequenceCoverage="100" branchCoverage="100" isConstructor="False" isGetter="False" isSetter="False" isStatic="True">
              <Summary numSequencePoints="3" visitedSequencePoints="3" numBranchPoints="0" visitedBranchPoints="0" sequenceCoverage="100" branchCoverage="100" maxCyclomaticComplexity="1" minCyclomaticComplexity="1" visitedClasses="0" numClasses="0" visitedMethods="1" numMethods="1" />
              <MetadataToken />
              <Name>System.Collections.Generic.IEnumerable`1&lt;System.String&gt; AutoComplete.Readers.TrieBinaryReader::GetAutoCompleteNodes(System.Int64,System.String,System.Int32)</Name>
              <FileRef uid="5" />
              <SequencePoints>
                <SequencePoint vc="6" uspid="28" ordinal="0" sl="28" sc="1" el="28" ec="2" bec="0" bev="0" fileid="5" />
                <SequencePoint vc="6" uspid="29" ordinal="1" sl="29" sc="1" el="29" ec="2" bec="0" bev="0" fileid="5" />
                <SequencePoint vc="6" uspid="30" ordinal="2" sl="30" sc="1" el="30" ec="2" bec="0" bev="0" fileid="5" />
              </SequencePoints>
              <BranchPoints />
              <MethodPoint vc="3" uspid="0" p8:type="SequencePoint" ordinal="0" offset="0" sc="0" sl="28" ec="1" el="30" bec="0" bev="0" fileid="5" xmlns:p8="xsi" />
            </Method>
            <Method cyclomaticComplexity="1" nPathComplexity="1" sequenceCoverage="100" branchCoverage="100" isConstructor="False" isGetter="False" isSetter="False" isStatic="True">
              <Summary numSequencePoints="3" visitedSequencePoints="3" numBranchPoints="0" visitedBranchPoints="0" sequenceCoverage="100" branchCoverage="100" maxCyclomaticComplexity="1" minCyclomaticComplexity="1" visitedClasses="0" numClasses="0" visitedMethods="1" numMethods="1" />
              <MetadataToken />
              <Name>System.Collections.Generic.IEnumerable`1&lt;System.String&gt; AutoComplete.Readers.TrieBinaryReader::GetAutoCompleteNodes(System.Int64,System.String,System.Int32,System.IO.Stream)</Name>
              <FileRef uid="5" />
              <SequencePoints>
                <SequencePoint vc="1" uspid="38" ordinal="0" sl="38" sc="1" el="38" ec="2" bec="0" bev="0" fileid="5" />
                <SequencePoint vc="1" uspid="39" ordinal="1" sl="39" sc="1" el="39" ec="2" bec="0" bev="0" fileid="5" />
                <SequencePoint vc="1" uspid="40" ordinal="2" sl="40" sc="1" el="40" ec="2" bec="0" bev="0" fileid="5" />
              </SequencePoints>
              <BranchPoints />
              <MethodPoint vc="3" uspid="0" p8:type="SequencePoint" ordinal="1" offset="1" sc="0" sl="38" ec="1" el="40" bec="0" bev="0" fileid="5" xmlns:p8="xsi" />
            </Method>
            <Method cyclomaticComplexity="8" nPathComplexity="8" sequenceCoverage="100" branchCoverage="100" isConstructor="False" isGetter="False" isSetter="False" isStatic="True">
              <Summary numSequencePoints="19" visitedSequencePoints="19" numBranchPoints="8" visitedBranchPoints="8" sequenceCoverage="100" branchCoverage="100" maxCyclomaticComplexity="8" minCyclomaticComplexity="8" visitedClasses="0" numClasses="0" visitedMethods="1" numMethods="1" />
              <MetadataToken />
              <Name>System.Collections.Generic.List`1&lt;System.String&gt; AutoComplete.Readers.TrieBinaryReader::GetAutoCompleteNodesInternal(System.Int64,System.Object,System.Int32,System.Collections.Generic.List`1&lt;System.String&gt;)</Name>
              <FileRef uid="5" />
              <SequencePoints>
                <SequencePoint vc="22" uspid="43" ordinal="0" sl="43" sc="1" el="43" ec="2" bec="0" bev="0" fileid="5" />
                <SequencePoint vc="22" uspid="44" ordinal="1" sl="44" sc="1" el="44" ec="2" bec="0" bev="0" fileid="5" />
                <SequencePoint vc="22" uspid="45" ordinal="2" sl="45" sc="1" el="45" ec="2" bec="0" bev="0" fileid="5" />
                <SequencePoint vc="22" uspid="47" ordinal="3" sl="47" sc="1" el="47" ec="2" bec="0" bev="0" fileid="5" />
                <SequencePoint vc="22" uspid="48" ordinal="4" sl="48" sc="1" el="48" ec="2" bec="2" bev="2" fileid="5" />
                <SequencePoint vc="10" uspid="49" ordinal="5" sl="49" sc="1" el="49" ec="2" bec="0" bev="0" fileid="5" />
                <SequencePoint vc="22" uspid="51" ordinal="6" sl="51" sc="1" el="51" ec="2" bec="0" bev="0" fileid="5" />
                <SequencePoint vc="22" uspid="52" ordinal="7" sl="52" sc="1" el="52" ec="2" bec="2" bev="2" fileid="5" />
                <SequencePoint vc="22" uspid="53" ordinal="8" sl="53" sc="1" el="53" ec="2" bec="0" bev="0" fileid="5" />
                <SequencePoint vc="80" uspid="54" ordinal="9" sl="54" sc="1" el="54" ec="2" bec="2" bev="2" fileid="5" />
                <SequencePoint vc="18" uspid="55" ordinal="10" sl="55" sc="1" el="55" ec="2" bec="0" bev="0" fileid="5" />
                <SequencePoint vc="18" uspid="56" ordinal="11" sl="56" sc="1" el="56" ec="2" bec="2" bev="2" fileid="5" />
                <SequencePoint vc="16" uspid="57" ordinal="12" sl="57" sc="1" el="57" ec="2" bec="0" bev="0" fileid="5" />
                <SequencePoint vc="16" uspid="58" ordinal="13" sl="58" sc="1" el="58" ec="2" bec="0" bev="0" fileid="5" />
                <SequencePoint vc="16" uspid="59" ordinal="14" sl="59" sc="1" el="59" ec="2" bec="0" bev="0" fileid="5" />
                <SequencePoint vc="18" uspid="60" ordinal="15" sl="60" sc="1" el="60" ec="2" bec="0" bev="0" fileid="5" />
                <SequencePoint vc="22" uspid="61" ordinal="16" sl="61" sc="1" el="61" ec="2" bec="0" bev="0" fileid="5" />
                <SequencePoint vc="22" uspid="63" ordinal="17" sl="63" sc="1" el="63" ec="2" bec="0" bev="0" fileid="5" />
                <SequencePoint vc="22" uspid="64" ordinal="18" sl="64" sc="1" el="64" ec="2" bec="0" bev="0" fileid="5" />
              </SequencePoints>
              <BranchPoints>
                <BranchPoint vc="10" uspid="48" ordinal="0" path="0" offset="35" offsetend="37" sl="48" fileid="5" />
                <BranchPoint vc="22" uspid="48" ordinal="1" path="1" offset="35" offsetend="46" sl="48" fileid="5" />
                <BranchPoint vc="22" uspid="52" ordinal="2" path="0" offset="74" offsetend="76" sl="52" fileid="5" />
                <BranchPoint vc="18" uspid="54" ordinal="7" path="1" offset="134" offsetend="82" sl="54" fileid="5" />
                <BranchPoint vc="16" uspid="56" ordinal="4" path="0" offset="97" offsetend="99" sl="56" fileid="5" />
                <BranchPoint vc="18" uspid="56" ordinal="5" path="1" offset="97" offsetend="116" sl="56" fileid="5" />
                <BranchPoint vc="22" uspid="54" ordinal="6" path="0" offset="134" offsetend="136" sl="54" fileid="5" />
                <BranchPoint vc="22" uspid="52" ordinal="3" path="1" offset="74" offsetend="137" sl="52" fileid="5" />
              </BranchPoints>
              <MethodPoint vc="19" uspid="0" p8:type="SequencePoint" ordinal="2" offset="2" sc="0" sl="43" ec="1" el="64" bec="0" bev="0" fileid="5" xmlns:p8="xsi" />
            </Method>
            <Method cyclomaticComplexity="1" nPathComplexity="1" sequenceCoverage="100" branchCoverage="100" isConstructor="False" isGetter="False" isSetter="False" isStatic="True">
              <Summary numSequencePoints="5" visitedSequencePoints="5" numBranchPoints="0" visitedBranchPoints="0" sequenceCoverage="100" branchCoverage="100" maxCyclomaticComplexity="1" minCyclomaticComplexity="1" visitedClasses="0" numClasses="0" visitedMethods="1" numMethods="1" />
              <MetadataToken />
              <Name>System.Char AutoComplete.Readers.TrieBinaryReader::ReadCharacter(System.Int64)</Name>
              <FileRef uid="5" />
              <SequencePoints>
                <SequencePoint vc="22" uspid="83" ordinal="0" sl="83" sc="1" el="83" ec="2" bec="0" bev="0" fileid="5" />
                <SequencePoint vc="22" uspid="84" ordinal="1" sl="84" sc="1" el="84" ec="2" bec="0" bev="0" fileid="5" />
                <SequencePoint vc="22" uspid="85" ordinal="2" sl="85" sc="1" el="85" ec="2" bec="0" bev="0" fileid="5" />
                <SequencePoint vc="22" uspid="87" ordinal="3" sl="87" sc="1" el="87" ec="2" bec="0" bev="0" fileid="5" />
                <SequencePoint vc="22" uspid="88" ordinal="4" sl="88" sc="1" el="88" ec="2" bec="0" bev="0" fileid="5" />
              </SequencePoints>
              <BranchPoints />
              <MethodPoint vc="5" uspid="0" p8:type="SequencePoint" ordinal="3" offset="3" sc="0" sl="83" ec="1" el="88" bec="0" bev="0" fileid="5" xmlns:p8="xsi" />
            </Method>
            <Method cyclomaticComplexity="1" nPathComplexity="1" sequenceCoverage="100" branchCoverage="100" isConstructor="False" isGetter="False" isSetter="False" isStatic="True">
              <Summary numSequencePoints="5" visitedSequencePoints="5" numBranchPoints="0" visitedBranchPoints="0" sequenceCoverage="100" branchCoverage="100" maxCyclomaticComplexity="1" minCyclomaticComplexity="1" visitedClasses="0" numClasses="0" visitedMethods="1" numMethods="1" />
              <MetadataToken />
              <Name>System.Boolean AutoComplete.Readers.TrieBinaryReader::ReadIsTerminal(System.Int64)</Name>
              <FileRef uid="5" />
              <SequencePoints>
                <SequencePoint vc="22" uspid="91" ordinal="0" sl="91" sc="1" el="91" ec="2" bec="0" bev="0" fileid="5" />
                <SequencePoint vc="22" uspid="92" ordinal="1" sl="92" sc="1" el="92" ec="2" bec="0" bev="0" fileid="5" />
                <SequencePoint vc="22" uspid="93" ordinal="2" sl="93" sc="1" el="93" ec="2" bec="0" bev="0" fileid="5" />
                <SequencePoint vc="22" uspid="95" ordinal="3" sl="95" sc="1" el="95" ec="2" bec="0" bev="0" fileid="5" />
                <SequencePoint vc="22" uspid="96" ordinal="4" sl="96" sc="1" el="96" ec="2" bec="0" bev="0" fileid="5" />
              </SequencePoints>
              <BranchPoints />
              <MethodPoint vc="5" uspid="0" p8:type="SequencePoint" ordinal="4" offset="4" sc="0" sl="91" ec="1" el="96" bec="0" bev="0" fileid="5" xmlns:p8="xsi" />
            </Method>
            <Method cyclomaticComplexity="1" nPathComplexity="1" sequenceCoverage="100" branchCoverage="100" isConstructor="False" isGetter="False" isSetter="False" isStatic="True">
              <Summary numSequencePoints="5" visitedSequencePoints="5" numBranchPoints="0" visitedBranchPoints="0" sequenceCoverage="100" branchCoverage="100" maxCyclomaticComplexity="1" minCyclomaticComplexity="1" visitedClasses="0" numClasses="0" visitedMethods="1" numMethods="1" />
              <MetadataToken />
              <Name>System.UInt32 AutoComplete.Readers.TrieBinaryReader::ReadPositionOnTextFile(System.Int64)</Name>
              <FileRef uid="5" />
              <SequencePoints>
                <SequencePoint vc="1" uspid="99" ordinal="0" sl="99" sc="1" el="99" ec="2" bec="0" bev="0" fileid="5" />
                <SequencePoint vc="1" uspid="100" ordinal="1" sl="100" sc="1" el="100" ec="2" bec="0" bev="0" fileid="5" />
                <SequencePoint vc="1" uspid="101" ordinal="2" sl="101" sc="1" el="101" ec="2" bec="0" bev="0" fileid="5" />
                <SequencePoint vc="1" uspid="103" ordinal="3" sl="103" sc="1" el="103" ec="2" bec="0" bev="0" fileid="5" />
                <SequencePoint vc="1" uspid="104" ordinal="4" sl="104" sc="1" el="104" ec="2" bec="0" bev="0" fileid="5" />
              </SequencePoints>
              <BranchPoints />
              <MethodPoint vc="5" uspid="0" p8:type="SequencePoint" ordinal="5" offset="5" sc="0" sl="99" ec="1" el="104" bec="0" bev="0" fileid="5" xmlns:p8="xsi" />
            </Method>
            <Method cyclomaticComplexity="2" nPathComplexity="2" sequenceCoverage="100" branchCoverage="100" isConstructor="False" isGetter="False" isSetter="False" isStatic="True">
              <Summary numSequencePoints="12" visitedSequencePoints="12" numBranchPoints="2" visitedBranchPoints="2" sequenceCoverage="100" branchCoverage="100" maxCyclomaticComplexity="2" minCyclomaticComplexity="2" visitedClasses="0" numClasses="0" visitedMethods="1" numMethods="1" />
              <MetadataToken />
              <Name>System.Boolean[] AutoComplete.Readers.TrieBinaryReader::ReadChildrenFlags(System.Int64)</Name>
              <FileRef uid="5" />
              <SequencePoints>
                <SequencePoint vc="16" uspid="107" ordinal="0" sl="107" sc="1" el="107" ec="2" bec="0" bev="0" fileid="5" />
                <SequencePoint vc="16" uspid="108" ordinal="1" sl="108" sc="1" el="108" ec="2" bec="0" bev="0" fileid="5" />
                <SequencePoint vc="16" uspid="109" ordinal="2" sl="109" sc="1" el="109" ec="2" bec="0" bev="0" fileid="5" />
                <SequencePoint vc="16" uspid="111" ordinal="3" sl="111" sc="1" el="111" ec="2" bec="0" bev="0" fileid="5" />
                <SequencePoint vc="16" uspid="112" ordinal="4" sl="112" sc="1" el="112" ec="2" bec="0" bev="0" fileid="5" />
                <SequencePoint vc="16" uspid="113" ordinal="5" sl="113" sc="1" el="113" ec="2" bec="0" bev="0" fileid="5" />
                <SequencePoint vc="416" uspid="114" ordinal="6" sl="114" sc="1" el="114" ec="2" bec="2" bev="2" fileid="5" />
                <SequencePoint vc="192" uspid="115" ordinal="7" sl="115" sc="1" el="115" ec="2" bec="0" bev="0" fileid="5" />
                <SequencePoint vc="192" uspid="116" ordinal="8" sl="116" sc="1" el="116" ec="2" bec="0" bev="0" fileid="5" />
                <SequencePoint vc="192" uspid="117" ordinal="9" sl="117" sc="1" el="117" ec="2" bec="0" bev="0" fileid="5" />
                <SequencePoint vc="16" uspid="119" ordinal="10" sl="119" sc="1" el="119" ec="2" bec="0" bev="0" fileid="5" />
                <SequencePoint vc="16" uspid="120" ordinal="11" sl="120" sc="1" el="120" ec="2" bec="0" bev="0" fileid="5" />
              </SequencePoints>
              <BranchPoints>
                <BranchPoint vc="192" uspid="114" ordinal="1" path="1" offset="118" offsetend="87" sl="114" fileid="5" />
                <BranchPoint vc="16" uspid="114" ordinal="0" path="0" offset="118" offsetend="120" sl="114" fileid="5" />
              </BranchPoints>
              <MethodPoint vc="12" uspid="0" p8:type="SequencePoint" ordinal="6" offset="6" sc="0" sl="107" ec="1" el="120" bec="0" bev="0" fileid="5" xmlns:p8="xsi" />
            </Method>
            <Method cyclomaticComplexity="1" nPathComplexity="1" sequenceCoverage="100" branchCoverage="100" isConstructor="False" isGetter="False" isSetter="False" isStatic="True">
              <Summary numSequencePoints="5" visitedSequencePoints="5" numBranchPoints="0" visitedBranchPoints="0" sequenceCoverage="100" branchCoverage="100" maxCyclomaticComplexity="1" minCyclomaticComplexity="1" visitedClasses="0" numClasses="0" visitedMethods="1" numMethods="1" />
              <MetadataToken />
              <Name>System.Int32 AutoComplete.Readers.TrieBinaryReader::ReadChildrenOffset(System.Int64)</Name>
              <FileRef uid="5" />
              <SequencePoints>
                <SequencePoint vc="41" uspid="123" ordinal="0" sl="123" sc="1" el="123" ec="2" bec="0" bev="0" fileid="5" />
                <SequencePoint vc="41" uspid="124" ordinal="1" sl="124" sc="1" el="124" ec="2" bec="0" bev="0" fileid="5" />
                <SequencePoint vc="41" uspid="125" ordinal="2" sl="125" sc="1" el="125" ec="2" bec="0" bev="0" fileid="5" />
                <SequencePoint vc="41" uspid="127" ordinal="3" sl="127" sc="1" el="127" ec="2" bec="0" bev="0" fileid="5" />
                <SequencePoint vc="41" uspid="128" ordinal="4" sl="128" sc="1" el="128" ec="2" bec="0" bev="0" fileid="5" />
              </SequencePoints>
              <BranchPoints />
              <MethodPoint vc="5" uspid="0" p8:type="SequencePoint" ordinal="7" offset="7" sc="0" sl="123" ec="1" el="128" bec="0" bev="0" fileid="5" xmlns:p8="xsi" />
            </Method>
            <Method cyclomaticComplexity="8" nPathComplexity="8" sequenceCoverage="95.65" branchCoverage="87.5" isConstructor="False" isGetter="False" isSetter="False" isStatic="True">
              <Summary numSequencePoints="23" visitedSequencePoints="22" numBranchPoints="8" visitedBranchPoints="7" sequenceCoverage="95.65" branchCoverage="87.5" maxCyclomaticComplexity="8" minCyclomaticComplexity="8" visitedClasses="0" numClasses="0" visitedMethods="1" numMethods="1" />
              <MetadataToken />
              <Name>System.Nullable`1&lt;System.Int64&gt; AutoComplete.Readers.TrieBinaryReader::GetChildPositionFromNode(System.Int64,System.Char)</Name>
              <FileRef uid="5" />
              <SequencePoints>
                <SequencePoint vc="24" uspid="138" ordinal="0" sl="138" sc="1" el="138" ec="2" bec="0" bev="0" fileid="5" />
                <SequencePoint vc="24" uspid="139" ordinal="1" sl="139" sc="1" el="139" ec="2" bec="0" bev="0" fileid="5" />
                <SequencePoint vc="24" uspid="140" ordinal="2" sl="140" sc="1" el="140" ec="2" bec="2" bev="2" fileid="5" />
                <SequencePoint vc="19" uspid="141" ordinal="3" sl="141" sc="1" el="141" ec="2" bec="0" bev="0" fileid="5" />
                <SequencePoint vc="19" uspid="142" ordinal="4" sl="142" sc="1" el="142" ec="2" bec="0" bev="0" fileid="5" />
                <SequencePoint vc="19" uspid="143" ordinal="5" sl="143" sc="1" el="143" ec="2" bec="0" bev="0" fileid="5" />
                <SequencePoint vc="19" uspid="145" ordinal="6" sl="145" sc="1" el="145" ec="2" bec="0" bev="0" fileid="5" />
                <SequencePoint vc="19" uspid="146" ordinal="7" sl="146" sc="1" el="146" ec="2" bec="0" bev="0" fileid="5" />
                <SequencePoint vc="19" uspid="147" ordinal="8" sl="147" sc="1" el="147" ec="2" bec="0" bev="0" fileid="5" />
                <SequencePoint vc="19" uspid="149" ordinal="9" sl="149" sc="1" el="149" ec="2" bec="2" bev="1" fileid="5" />
                <SequencePoint vc="19" uspid="150" ordinal="10" sl="150" sc="1" el="150" ec="2" bec="0" bev="0" fileid="5" />
                <SequencePoint vc="19" uspid="151" ordinal="11" sl="151" sc="1" el="151" ec="2" bec="0" bev="0" fileid="5" />
                <SequencePoint vc="200" uspid="152" ordinal="12" sl="152" sc="1" el="152" ec="2" bec="2" bev="2" fileid="5" />
                <SequencePoint vc="81" uspid="153" ordinal="13" sl="153" sc="1" el="153" ec="2" bec="0" bev="0" fileid="5" />
                <SequencePoint vc="81" uspid="154" ordinal="14" sl="154" sc="1" el="154" ec="2" bec="2" bev="2" fileid="5" />
                <SequencePoint vc="2" uspid="155" ordinal="15" sl="155" sc="1" el="155" ec="2" bec="0" bev="0" fileid="5" />
                <SequencePoint vc="81" uspid="156" ordinal="16" sl="156" sc="1" el="156" ec="2" bec="0" bev="0" fileid="5" />
                <SequencePoint vc="19" uspid="158" ordinal="17" sl="158" sc="1" el="158" ec="2" bec="0" bev="0" fileid="5" />
                <SequencePoint vc="19" uspid="160" ordinal="18" sl="160" sc="1" el="160" ec="2" bec="0" bev="0" fileid="5" />
                <SequencePoint vc="19" uspid="161" ordinal="19" sl="161" sc="1" el="161" ec="2" bec="0" bev="0" fileid="5" />
                <SequencePoint vc="0" uspid="163" ordinal="20" sl="163" sc="1" el="163" ec="2" bec="0" bev="0" fileid="5" />
                <SequencePoint vc="5" uspid="165" ordinal="21" sl="165" sc="1" el="165" ec="2" bec="0" bev="0" fileid="5" />
                <SequencePoint vc="24" uspid="166" ordinal="22" sl="166" sc="1" el="166" ec="2" bec="0" bev="0" fileid="5" />
              </SequencePoints>
              <BranchPoints>
                <BranchPoint vc="19" uspid="140" ordinal="0" path="0" offset="23" offsetend="28" sl="140" fileid="5" />
                <BranchPoint vc="19" uspid="149" ordinal="2" path="0" offset="116" offsetend="118" sl="149" fileid="5" />
                <BranchPoint vc="81" uspid="152" ordinal="7" path="1" offset="172" offsetend="127" sl="152" fileid="5" />
                <BranchPoint vc="2" uspid="154" ordinal="4" path="0" offset="141" offsetend="143" sl="154" fileid="5" />
                <BranchPoint vc="81" uspid="154" ordinal="5" path="1" offset="141" offsetend="150" sl="154" fileid="5" />
                <BranchPoint vc="19" uspid="152" ordinal="6" path="0" offset="172" offsetend="174" sl="152" fileid="5" />
                <BranchPoint vc="0" uspid="149" ordinal="3" path="1" offset="116" offsetend="217" sl="149" fileid="5" />
                <BranchPoint vc="5" uspid="140" ordinal="1" path="1" offset="23" offsetend="218" sl="140" fileid="5" />
              </BranchPoints>
              <MethodPoint vc="22" uspid="0" p8:type="SequencePoint" ordinal="8" offset="8" sc="0" sl="138" ec="1" el="166" bec="0" bev="0" fileid="5" xmlns:p8="xsi" />
            </Method>
            <Method cyclomaticComplexity="4" nPathComplexity="4" sequenceCoverage="100" branchCoverage="100" isConstructor="False" isGetter="False" isSetter="False" isStatic="True">
              <Summary numSequencePoints="16" visitedSequencePoints="16" numBranchPoints="4" visitedBranchPoints="4" sequenceCoverage="100" branchCoverage="100" maxCyclomaticComplexity="4" minCyclomaticComplexity="4" visitedClasses="0" numClasses="0" visitedMethods="1" numMethods="1" />
              <MetadataToken />
              <Name>System.Int64[] AutoComplete.Readers.TrieBinaryReader::GetChildrenPositionsFromNode(System.IO.BinaryReader,AutoComplete.DataStructure.TrieIndexHeader,System.Int64)</Name>
              <FileRef uid="5" />
              <SequencePoints>
                <SequencePoint vc="22" uspid="170" ordinal="0" sl="170" sc="1" el="170" ec="2" bec="0" bev="0" fileid="5" />
                <SequencePoint vc="22" uspid="171" ordinal="1" sl="171" sc="1" el="171" ec="2" bec="0" bev="0" fileid="5" />
                <SequencePoint vc="22" uspid="172" ordinal="2" sl="172" sc="1" el="172" ec="2" bec="2" bev="2" fileid="5" />
                <SequencePoint vc="6" uspid="173" ordinal="3" sl="173" sc="1" el="173" ec="2" bec="0" bev="0" fileid="5" />
                <SequencePoint vc="16" uspid="175" ordinal="4" sl="175" sc="1" el="175" ec="2" bec="0" bev="0" fileid="5" />
                <SequencePoint vc="16" uspid="176" ordinal="5" sl="176" sc="1" el="176" ec="2" bec="0" bev="0" fileid="5" />
                <SequencePoint vc="16" uspid="177" ordinal="6" sl="177" sc="1" el="177" ec="2" bec="0" bev="0" fileid="5" />
                <SequencePoint vc="68" uspid="179" ordinal="7" sl="179" sc="1" el="179" ec="2" bec="2" bev="2" fileid="5" />
                <SequencePoint vc="18" uspid="180" ordinal="8" sl="180" sc="1" el="180" ec="2" bec="0" bev="0" fileid="5" />
                <SequencePoint vc="18" uspid="181" ordinal="9" sl="181" sc="1" el="181" ec="2" bec="0" bev="0" fileid="5" />
                <SequencePoint vc="18" uspid="182" ordinal="10" sl="182" sc="1" el="182" ec="2" bec="0" bev="0" fileid="5" />
                <SequencePoint vc="18" uspid="183" ordinal="11" sl="183" sc="1" el="183" ec="2" bec="0" bev="0" fileid="5" />
                <SequencePoint vc="18" uspid="185" ordinal="12" sl="185" sc="1" el="185" ec="2" bec="0" bev="0" fileid="5" />
                <SequencePoint vc="18" uspid="186" ordinal="13" sl="186" sc="1" el="186" ec="2" bec="0" bev="0" fileid="5" />
                <SequencePoint vc="16" uspid="188" ordinal="14" sl="188" sc="1" el="188" ec="2" bec="0" bev="0" fileid="5" />
                <SequencePoint vc="22" uspid="189" ordinal="15" sl="189" sc="1" el="189" ec="2" bec="0" bev="0" fileid="5" />
              </SequencePoints>
              <BranchPoints>
                <BranchPoint vc="6" uspid="172" ordinal="0" path="0" offset="17" offsetend="19" sl="172" fileid="5" />
                <BranchPoint vc="16" uspid="172" ordinal="1" path="1" offset="17" offsetend="28" sl="172" fileid="5" />
                <BranchPoint vc="18" uspid="179" ordinal="3" path="1" offset="97" offsetend="57" sl="179" fileid="5" />
                <BranchPoint vc="16" uspid="179" ordinal="2" path="0" offset="97" offsetend="99" sl="179" fileid="5" />
              </BranchPoints>
              <MethodPoint vc="16" uspid="0" p8:type="SequencePoint" ordinal="9" offset="9" sc="0" sl="170" ec="1" el="189" bec="0" bev="0" fileid="5" xmlns:p8="xsi" />
            </Method>
            <Method cyclomaticComplexity="8" nPathComplexity="8" sequenceCoverage="100" branchCoverage="100" isConstructor="False" isGetter="False" isSetter="False" isStatic="True">
              <Summary numSequencePoints="21" visitedSequencePoints="21" numBranchPoints="8" visitedBranchPoints="8" sequenceCoverage="100" branchCoverage="100" maxCyclomaticComplexity="8" minCyclomaticComplexity="8" visitedClasses="0" numClasses="0" visitedMethods="1" numMethods="1" />
              <MetadataToken />
              <Name>AutoComplete.DataStructure.TrieNodeStructSearchResult AutoComplete.Readers.TrieBinaryReader::SearchLastNode(System.Int64,System.String)</Name>
              <FileRef uid="5" />
              <SequencePoints>
                <SequencePoint vc="10" uspid="192" ordinal="0" sl="192" sc="1" el="192" ec="2" bec="0" bev="0" fileid="5" />
                <SequencePoint vc="10" uspid="193" ordinal="1" sl="193" sc="1" el="193" ec="2" bec="0" bev="0" fileid="5" />
                <SequencePoint vc="10" uspid="195" ordinal="2" sl="195" sc="1" el="195" ec="2" bec="0" bev="0" fileid="5" />
                <SequencePoint vc="48" uspid="197" ordinal="3" sl="197" sc="1" el="197" ec="2" bec="2" bev="2" fileid="5" />
                <SequencePoint vc="24" uspid="198" ordinal="4" sl="198" sc="1" el="198" ec="2" bec="0" bev="0" fileid="5" />
                <SequencePoint vc="24" uspid="199" ordinal="5" sl="199" sc="1" el="199" ec="2" bec="0" bev="0" fileid="5" />
                <SequencePoint vc="24" uspid="201" ordinal="6" sl="201" sc="1" el="201" ec="2" bec="2" bev="2" fileid="5" />
                <SequencePoint vc="19" uspid="202" ordinal="7" sl="202" sc="1" el="202" ec="2" bec="0" bev="0" fileid="5" />
                <SequencePoint vc="19" uspid="203" ordinal="8" sl="203" sc="1" el="203" ec="2" bec="2" bev="2" fileid="5" />
                <SequencePoint vc="5" uspid="204" ordinal="9" sl="204" sc="1" el="204" ec="2" bec="0" bev="0" fileid="5" />
                <SequencePoint vc="5" uspid="205" ordinal="10" sl="205" sc="1" el="205" ec="2" bec="0" bev="0" fileid="5" />
                <SequencePoint vc="5" uspid="206" ordinal="11" sl="206" sc="1" el="206" ec="2" bec="0" bev="0" fileid="5" />
                <SequencePoint vc="14" uspid="209" ordinal="12" sl="209" sc="1" el="209" ec="2" bec="0" bev="0" fileid="5" />
                <SequencePoint vc="14" uspid="210" ordinal="13" sl="210" sc="1" el="210" ec="2" bec="0" bev="0" fileid="5" />
                <SequencePoint vc="5" uspid="213" ordinal="14" sl="213" sc="1" el="213" ec="2" bec="2" bev="2" fileid="5" />
                <SequencePoint vc="2" uspid="214" ordinal="15" sl="214" sc="1" el="214" ec="2" bec="0" bev="0" fileid="5" />
                <SequencePoint vc="2" uspid="215" ordinal="16" sl="215" sc="1" el="215" ec="2" bec="0" bev="0" fileid="5" />
                <SequencePoint vc="2" uspid="216" ordinal="17" sl="216" sc="1" el="216" ec="2" bec="0" bev="0" fileid="5" />
                <SequencePoint vc="5" uspid="218" ordinal="18" sl="218" sc="1" el="218" ec="2" bec="0" bev="0" fileid="5" />
                <SequencePoint vc="10" uspid="221" ordinal="19" sl="221" sc="1" el="221" ec="2" bec="0" bev="0" fileid="5" />
                <SequencePoint vc="10" uspid="222" ordinal="20" sl="222" sc="1" el="222" ec="2" bec="0" bev="0" fileid="5" />
              </SequencePoints>
              <BranchPoints>
                <BranchPoint vc="24" uspid="197" ordinal="7" path="1" offset="126" offsetend="13" sl="197" fileid="5" />
                <BranchPoint vc="19" uspid="201" ordinal="0" path="0" offset="40" offsetend="42" sl="201" fileid="5" />
                <BranchPoint vc="5" uspid="203" ordinal="2" path="0" offset="58" offsetend="60" sl="203" fileid="5" />
                <BranchPoint vc="14" uspid="203" ordinal="3" path="1" offset="58" offsetend="76" sl="203" fileid="5" />
                <BranchPoint vc="5" uspid="201" ordinal="1" path="1" offset="40" offsetend="86" sl="201" fileid="5" />
                <BranchPoint vc="2" uspid="213" ordinal="4" path="0" offset="94" offsetend="96" sl="213" fileid="5" />
                <BranchPoint vc="10" uspid="213" ordinal="5" path="1" offset="94" offsetend="128" sl="213" fileid="5" />
                <BranchPoint vc="10" uspid="197" ordinal="6" path="0" offset="126" offsetend="128" sl="197" fileid="5" />
              </BranchPoints>
              <MethodPoint vc="21" uspid="0" p8:type="SequencePoint" ordinal="10" offset="10" sc="0" sl="192" ec="1" el="222" bec="0" bev="0" fileid="5" xmlns:p8="xsi" />
            </Method>
            <Method cyclomaticComplexity="4" nPathComplexity="4" sequenceCoverage="100" branchCoverage="100" isConstructor="False" isGetter="False" isSetter="False" isStatic="True">
              <Summary numSequencePoints="11" visitedSequencePoints="11" numBranchPoints="4" visitedBranchPoints="4" sequenceCoverage="100" branchCoverage="100" maxCyclomaticComplexity="4" minCyclomaticComplexity="4" visitedClasses="0" numClasses="0" visitedMethods="1" numMethods="1" />
              <MetadataToken />
              <Name>System.Int32 AutoComplete.Readers.TrieBinaryReader::GetFlaggedCount(System.Boolean[],System.Boolean)</Name>
              <FileRef uid="5" />
              <SequencePoints>
                <SequencePoint vc="16" uspid="225" ordinal="0" sl="225" sc="1" el="225" ec="2" bec="0" bev="0" fileid="5" />
                <SequencePoint vc="16" uspid="226" ordinal="1" sl="226" sc="1" el="226" ec="2" bec="0" bev="0" fileid="5" />
                <SequencePoint vc="432" uspid="227" ordinal="2" sl="227" sc="1" el="227" ec="2" bec="2" bev="2" fileid="5" />
                <SequencePoint vc="192" uspid="228" ordinal="3" sl="228" sc="1" el="228" ec="2" bec="0" bev="0" fileid="5" />
                <SequencePoint vc="192" uspid="229" ordinal="4" sl="229" sc="1" el="229" ec="2" bec="2" bev="2" fileid="5" />
                <SequencePoint vc="18" uspid="230" ordinal="5" sl="230" sc="1" el="230" ec="2" bec="0" bev="0" fileid="5" />
                <SequencePoint vc="18" uspid="231" ordinal="6" sl="231" sc="1" el="231" ec="2" bec="0" bev="0" fileid="5" />
                <SequencePoint vc="18" uspid="232" ordinal="7" sl="232" sc="1" el="232" ec="2" bec="0" bev="0" fileid="5" />
                <SequencePoint vc="192" uspid="233" ordinal="8" sl="233" sc="1" el="233" ec="2" bec="0" bev="0" fileid="5" />
                <SequencePoint vc="16" uspid="235" ordinal="9" sl="235" sc="1" el="235" ec="2" bec="0" bev="0" fileid="5" />
                <SequencePoint vc="16" uspid="236" ordinal="10" sl="236" sc="1" el="236" ec="2" bec="0" bev="0" fileid="5" />
              </SequencePoints>
              <BranchPoints>
                <BranchPoint vc="192" uspid="227" ordinal="3" path="1" offset="40" offsetend="10" sl="227" fileid="5" />
                <BranchPoint vc="18" uspid="229" ordinal="0" path="0" offset="23" offsetend="25" sl="229" fileid="5" />
                <BranchPoint vc="192" uspid="229" ordinal="1" path="1" offset="23" offsetend="31" sl="229" fileid="5" />
                <BranchPoint vc="16" uspid="227" ordinal="2" path="0" offset="40" offsetend="42" sl="227" fileid="5" />
              </BranchPoints>
              <MethodPoint vc="11" uspid="0" p8:type="SequencePoint" ordinal="11" offset="11" sc="0" sl="225" ec="1" el="236" bec="0" bev="0" fileid="5" xmlns:p8="xsi" />
            </Method>
            <Method cyclomaticComplexity="1" nPathComplexity="1" sequenceCoverage="100" branchCoverage="100" isConstructor="True" isGetter="False" isSetter="False" isStatic="True">
              <Summary numSequencePoints="6" visitedSequencePoints="6" numBranchPoints="0" visitedBranchPoints="0" sequenceCoverage="100" branchCoverage="100" maxCyclomaticComplexity="1" minCyclomaticComplexity="1" visitedClasses="0" numClasses="0" visitedMethods="1" numMethods="1" />
              <MetadataToken />
              <Name>System.Void AutoComplete.Readers.TrieBinaryReader::.ctor(System.IO.BinaryReader,AutoComplete.DataStructure.TrieIndexHeader)</Name>
              <FileRef uid="5" />
              <SequencePoints>
                <SequencePoint vc="10" uspid="16" ordinal="0" sl="16" sc="1" el="16" ec="2" bec="0" bev="0" fileid="5" />
                <SequencePoint vc="10" uspid="17" ordinal="1" sl="17" sc="1" el="17" ec="2" bec="0" bev="0" fileid="5" />
                <SequencePoint vc="10" uspid="18" ordinal="2" sl="18" sc="1" el="18" ec="2" bec="0" bev="0" fileid="5" />
                <SequencePoint vc="10" uspid="19" ordinal="3" sl="19" sc="1" el="19" ec="2" bec="0" bev="0" fileid="5" />
                <SequencePoint vc="10" uspid="20" ordinal="4" sl="20" sc="1" el="20" ec="2" bec="0" bev="0" fileid="5" />
                <SequencePoint vc="10" uspid="21" ordinal="5" sl="21" sc="1" el="21" ec="2" bec="0" bev="0" fileid="5" />
              </SequencePoints>
              <BranchPoints />
              <MethodPoint vc="6" uspid="0" p8:type="SequencePoint" ordinal="12" offset="12" sc="0" sl="16" ec="1" el="21" bec="0" bev="0" fileid="5" xmlns:p8="xsi" />
            </Method>
          </Methods>
        </Class>
        <Class>
          <Summary numSequencePoints="12" visitedSequencePoints="11" numBranchPoints="4" visitedBranchPoints="4" sequenceCoverage="91.66" branchCoverage="100" maxCyclomaticComplexity="4" minCyclomaticComplexity="4" visitedClasses="1" numClasses="1" visitedMethods="1" numMethods="1" />
          <FullName>AutoComplete.Readers.TrieBinaryReader/&lt;GetAutoCompleteNodesWithTail&gt;d__7</FullName>
          <Methods>
            <Method cyclomaticComplexity="4" nPathComplexity="4" sequenceCoverage="91.66" branchCoverage="100" isConstructor="False" isGetter="False" isSetter="False" isStatic="True">
              <Summary numSequencePoints="12" visitedSequencePoints="11" numBranchPoints="4" visitedBranchPoints="4" sequenceCoverage="91.66" branchCoverage="100" maxCyclomaticComplexity="4" minCyclomaticComplexity="4" visitedClasses="0" numClasses="0" visitedMethods="1" numMethods="1" />
              <MetadataToken />
              <Name>System.Boolean AutoComplete.Readers.TrieBinaryReader/&lt;GetAutoCompleteNodesWithTail&gt;d__7::MoveNext()</Name>
              <FileRef uid="5" />
              <SequencePoints>
                <SequencePoint vc="1" uspid="67" ordinal="0" sl="67" sc="1" el="67" ec="2" bec="0" bev="0" fileid="5" />
                <SequencePoint vc="1" uspid="68" ordinal="1" sl="68" sc="1" el="68" ec="2" bec="0" bev="0" fileid="5" />
[...]
                <BranchPoint vc="226" uspid="183" ordinal="1" path="1" offset="34" offsetend="45" sl="183" fileid="21" />
                <BranchPoint vc="226" uspid="186" ordinal="3" path="1" offset="56" offsetend="60" sl="186" fileid="21" />
                <BranchPoint vc="236" uspid="189" ordinal="5" path="1" offset="108" offsetend="76" sl="189" fileid="21" />
                <BranchPoint vc="226" uspid="189" ordinal="4" path="0" offset="108" offsetend="110" sl="189" fileid="21" />
                <BranchPoint vc="329" uspid="186" ordinal="2" path="0" offset="56" offsetend="126" sl="186" fileid="21" />
                <BranchPoint vc="0" uspid="180" ordinal="6" path="0" offset="139" offsetend="141" sl="180" fileid="21" />
              </BranchPoints>
              <MethodPoint vc="15" uspid="0" p8:type="SequencePoint" ordinal="7" offset="7" sc="0" sl="176" ec="1" el="196" bec="0" bev="0" fileid="21" xmlns:p8="xsi" />
            </Method>
            <Method cyclomaticComplexity="2" nPathComplexity="2" sequenceCoverage="100" branchCoverage="100" isConstructor="False" isGetter="False" isSetter="False" isStatic="True">
              <Summary numSequencePoints="12" visitedSequencePoints="12" numBranchPoints="2" visitedBranchPoints="2" sequenceCoverage="100" branchCoverage="100" maxCyclomaticComplexity="2" minCyclomaticComplexity="2" visitedClasses="0" numClasses="0" visitedMethods="1" numMethods="1" />
              <MetadataToken />
              <Name>System.Void AutoComplete.Builders.IndexBuilder::SerializeKeywords(System.IO.Stream)</Name>
              <FileRef uid="21" />
              <SequencePoints>
                <SequencePoint vc="11" uspid="199" ordinal="0" sl="199" sc="1" el="199" ec="2" bec="0" bev="0" fileid="21" />
                <SequencePoint vc="11" uspid="200" ordinal="1" sl="200" sc="1" el="200" ec="2" bec="0" bev="0" fileid="21" />
                <SequencePoint vc="156" uspid="201" ordinal="2" sl="201" sc="1" el="201" ec="2" bec="2" bev="2" fileid="21" />
                <SequencePoint vc="41" uspid="202" ordinal="3" sl="202" sc="1" el="202" ec="2" bec="0" bev="0" fileid="21" />
                <SequencePoint vc="41" uspid="203" ordinal="4" sl="203" sc="1" el="203" ec="2" bec="0" bev="0" fileid="21" />
                <SequencePoint vc="41" uspid="205" ordinal="5" sl="205" sc="1" el="205" ec="2" bec="0" bev="0" fileid="21" />
                <SequencePoint vc="41" uspid="206" ordinal="6" sl="206" sc="1" el="206" ec="2" bec="0" bev="0" fileid="21" />
                <SequencePoint vc="41" uspid="207" ordinal="7" sl="207" sc="1" el="207" ec="2" bec="0" bev="0" fileid="21" />
                <SequencePoint vc="41" uspid="208" ordinal="8" sl="208" sc="1" el="208" ec="2" bec="0" bev="0" fileid="21" />
                <SequencePoint vc="11" uspid="210" ordinal="9" sl="210" sc="1" el="210" ec="2" bec="0" bev="0" fileid="21" />
                <SequencePoint vc="11" uspid="211" ordinal="10" sl="211" sc="1" el="211" ec="2" bec="0" bev="0" fileid="21" />
                <SequencePoint vc="11" uspid="212" ordinal="11" sl="212" sc="1" el="212" ec="2" bec="0" bev="0" fileid="21" />
              </SequencePoints>
              <BranchPoints>
                <BranchPoint vc="41" uspid="201" ordinal="1" path="1" offset="145" offsetend="66" sl="201" fileid="21" />
                <BranchPoint vc="11" uspid="201" ordinal="0" path="0" offset="145" offsetend="147" sl="201" fileid="21" />
              </BranchPoints>
              <MethodPoint vc="12" uspid="0" p8:type="SequencePoint" ordinal="8" offset="8" sc="0" sl="199" ec="1" el="212" bec="0" bev="0" fileid="21" xmlns:p8="xsi" />
            </Method>
            <Method cyclomaticComplexity="1" nPathComplexity="1" sequenceCoverage="100" branchCoverage="100" isConstructor="True" isGetter="False" isSetter="False" isStatic="True">
              <Summary numSequencePoints="10" visitedSequencePoints="10" numBranchPoints="0" visitedBranchPoints="0" sequenceCoverage="100" branchCoverage="100" maxCyclomaticComplexity="1" minCyclomaticComplexity="1" visitedClasses="0" numClasses="0" visitedMethods="1" numMethods="1" />
              <MetadataToken />
              <Name>System.Void AutoComplete.Builders.IndexBuilder::.ctor(System.IO.Stream,System.IO.Stream,System.IO.Stream)</Name>
              <FileRef uid="21" />
              <SequencePoints>
                <SequencePoint vc="15" uspid="22" ordinal="0" sl="22" sc="1" el="22" ec="2" bec="0" bev="0" fileid="21" />
                <SequencePoint vc="15" uspid="23" ordinal="1" sl="23" sc="1" el="23" ec="2" bec="0" bev="0" fileid="21" />
                <SequencePoint vc="15" uspid="24" ordinal="2" sl="24" sc="1" el="24" ec="2" bec="0" bev="0" fileid="21" />
                <SequencePoint vc="15" uspid="25" ordinal="3" sl="25" sc="1" el="25" ec="2" bec="0" bev="0" fileid="21" />
                <SequencePoint vc="15" uspid="26" ordinal="4" sl="26" sc="1" el="26" ec="2" bec="0" bev="0" fileid="21" />
                <SequencePoint vc="15" uspid="28" ordinal="5" sl="28" sc="1" el="28" ec="2" bec="0" bev="0" fileid="21" />
                <SequencePoint vc="15" uspid="29" ordinal="6" sl="29" sc="1" el="29" ec="2" bec="0" bev="0" fileid="21" />
                <SequencePoint vc="15" uspid="30" ordinal="7" sl="30" sc="1" el="30" ec="2" bec="0" bev="0" fileid="21" />
                <SequencePoint vc="15" uspid="31" ordinal="8" sl="31" sc="1" el="31" ec="2" bec="0" bev="0" fileid="21" />
                <SequencePoint vc="15" uspid="32" ordinal="9" sl="32" sc="1" el="32" ec="2" bec="0" bev="0" fileid="21" />
              </SequencePoints>
              <BranchPoints />
              <MethodPoint vc="10" uspid="0" p8:type="SequencePoint" ordinal="9" offset="9" sc="0" sl="22" ec="1" el="32" bec="0" bev="0" fileid="21" xmlns:p8="xsi" />
            </Method>
            <Method cyclomaticComplexity="1" nPathComplexity="1" sequenceCoverage="100" branchCoverage="100" isConstructor="True" isGetter="False" isSetter="False" isStatic="True">
              <Summary numSequencePoints="1" visitedSequencePoints="1" numBranchPoints="0" visitedBranchPoints="0" sequenceCoverage="100" branchCoverage="100" maxCyclomaticComplexity="1" minCyclomaticComplexity="1" visitedClasses="0" numClasses="0" visitedMethods="1" numMethods="1" />
              <MetadataToken />
              <Name>System.Void AutoComplete.Builders.IndexBuilder::.cctor()</Name>
              <FileRef uid="21" />
              <SequencePoints>
                <SequencePoint vc="1" uspid="13" ordinal="0" sl="13" sc="1" el="13" ec="2" bec="0" bev="0" fileid="21" />
              </SequencePoints>
              <BranchPoints />
              <MethodPoint vc="1" uspid="0" p8:type="SequencePoint" ordinal="10" offset="10" sc="0" sl="13" ec="1" el="13" bec="0" bev="0" fileid="21" xmlns:p8="xsi" />
            </Method>
          </Methods>
        </Class>
        <Class>
          <Summary numSequencePoints="45" visitedSequencePoints="45" numBranchPoints="10" visitedBranchPoints="9" sequenceCoverage="100" branchCoverage="90" maxCyclomaticComplexity="4" minCyclomaticComplexity="1" visitedClasses="1" numClasses="1" visitedMethods="6" numMethods="6" />
          <FullName>AutoComplete.Builders.TrieIndexHeaderBuilder</FullName>
          <Methods>
            <Method cyclomaticComplexity="2" nPathComplexity="2" sequenceCoverage="100" branchCoverage="100" isConstructor="False" isGetter="False" isSetter="False" isStatic="True">
              <Summary numSequencePoints="7" visitedSequencePoints="7" numBranchPoints="2" visitedBranchPoints="2" sequenceCoverage="100" branchCoverage="100" maxCyclomaticComplexity="2" minCyclomaticComplexity="2" visitedClasses="0" numClasses="0" visitedMethods="1" numMethods="1" />
              <MetadataToken />
              <Name>AutoComplete.Builders.TrieIndexHeaderBuilder AutoComplete.Builders.TrieIndexHeaderBuilder::AddChar(System.Char)</Name>
              <FileRef uid="22" />
              <SequencePoints>
                <SequencePoint vc="222" uspid="17" ordinal="0" sl="17" sc="1" el="17" ec="2" bec="0" bev="0" fileid="22" />
                <SequencePoint vc="222" uspid="18" ordinal="1" sl="18" sc="1" el="18" ec="2" bec="2" bev="2" fileid="22" />
                <SequencePoint vc="182" uspid="19" ordinal="2" sl="19" sc="1" el="19" ec="2" bec="0" bev="0" fileid="22" />
                <SequencePoint vc="182" uspid="20" ordinal="3" sl="20" sc="1" el="20" ec="2" bec="0" bev="0" fileid="22" />
                <SequencePoint vc="182" uspid="21" ordinal="4" sl="21" sc="1" el="21" ec="2" bec="0" bev="0" fileid="22" />
                <SequencePoint vc="222" uspid="23" ordinal="5" sl="23" sc="1" el="23" ec="2" bec="0" bev="0" fileid="22" />
                <SequencePoint vc="222" uspid="24" ordinal="6" sl="24" sc="1" el="24" ec="2" bec="0" bev="0" fileid="22" />
              </SequencePoints>
              <BranchPoints>
                <BranchPoint vc="182" uspid="18" ordinal="0" path="0" offset="18" offsetend="20" sl="18" fileid="22" />
                <BranchPoint vc="222" uspid="18" ordinal="1" path="1" offset="18" offsetend="35" sl="18" fileid="22" />
              </BranchPoints>
              <MethodPoint vc="7" uspid="0" p8:type="SequencePoint" ordinal="0" offset="0" sc="0" sl="17" ec="1" el="24" bec="0" bev="0" fileid="22" xmlns:p8="xsi" />
            </Method>
            <Method cyclomaticComplexity="4" nPathComplexity="4" sequenceCoverage="100" branchCoverage="100" isConstructor="False" isGetter="False" isSetter="False" isStatic="True">
              <Summary numSequencePoints="9" visitedSequencePoints="9" numBranchPoints="4" visitedBranchPoints="4" sequenceCoverage="100" branchCoverage="100" maxCyclomaticComplexity="4" minCyclomaticComplexity="4" visitedClasses="0" numClasses="0" visitedMethods="1" numMethods="1" />
              <MetadataToken />
              <Name>AutoComplete.Builders.TrieIndexHeaderBuilder AutoComplete.Builders.TrieIndexHeaderBuilder::AddString(System.String)</Name>
              <FileRef uid="22" />
              <SequencePoints>
                <SequencePoint vc="9" uspid="27" ordinal="0" sl="27" sc="1" el="27" ec="2" bec="0" bev="0" fileid="22" />
                <SequencePoint vc="9" uspid="29" ordinal="1" sl="29" sc="1" el="29" ec="2" bec="2" bev="2" fileid="22" />
                <SequencePoint vc="2" uspid="30" ordinal="2" sl="30" sc="1" el="30" ec="2" bec="0" bev="0" fileid="22" />
                <SequencePoint vc="63" uspid="32" ordinal="3" sl="32" sc="1" el="32" ec="2" bec="2" bev="2" fileid="22" />
                <SequencePoint vc="21" uspid="33" ordinal="4" sl="33" sc="1" el="33" ec="2" bec="0" bev="0" fileid="22" />
                <SequencePoint vc="21" uspid="34" ordinal="5" sl="34" sc="1" el="34" ec="2" bec="0" bev="0" fileid="22" />
                <SequencePoint vc="21" uspid="35" ordinal="6" sl="35" sc="1" el="35" ec="2" bec="0" bev="0" fileid="22" />
                <SequencePoint vc="7" uspid="37" ordinal="7" sl="37" sc="1" el="37" ec="2" bec="0" bev="0" fileid="22" />
                <SequencePoint vc="7" uspid="38" ordinal="8" sl="38" sc="1" el="38" ec="2" bec="0" bev="0" fileid="22" />
              </SequencePoints>
              <BranchPoints>
                <BranchPoint vc="2" uspid="29" ordinal="0" path="0" offset="9" offsetend="11" sl="29" fileid="22" />
                <BranchPoint vc="7" uspid="29" ordinal="1" path="1" offset="9" offsetend="22" sl="29" fileid="22" />
                <BranchPoint vc="21" uspid="32" ordinal="3" path="1" offset="58" offsetend="29" sl="32" fileid="22" />
                <BranchPoint vc="7" uspid="32" ordinal="2" path="0" offset="58" offsetend="60" sl="32" fileid="22" />
              </BranchPoints>
              <MethodPoint vc="9" uspid="0" p8:type="SequencePoint" ordinal="1" offset="1" sc="0" sl="27" ec="1" el="38" bec="0" bev="0" fileid="22" xmlns:p8="xsi" />
            </Method>
            <Method cyclomaticComplexity="1" nPathComplexity="1" sequenceCoverage="100" branchCoverage="100" isConstructor="False" isGetter="False" isSetter="False" isStatic="True">
              <Summary numSequencePoints="7" visitedSequencePoints="7" numBranchPoints="0" visitedBranchPoints="0" sequenceCoverage="100" branchCoverage="100" maxCyclomaticComplexity="1" minCyclomaticComplexity="1" visitedClasses="0" numClasses="0" visitedMethods="1" numMethods="1" />
              <MetadataToken />
              <Name>AutoComplete.DataStructure.TrieIndexHeader AutoComplete.Builders.TrieIndexHeaderBuilder::Build()</Name>
              <FileRef uid="22" />
              <SequencePoints>
                <SequencePoint vc="26" uspid="41" ordinal="0" sl="41" sc="1" el="41" ec="2" bec="0" bev="0" fileid="22" />
                <SequencePoint vc="26" uspid="42" ordinal="1" sl="42" sc="1" el="42" ec="2" bec="0" bev="0" fileid="22" />
                <SequencePoint vc="26" uspid="43" ordinal="2" sl="43" sc="1" el="43" ec="2" bec="0" bev="0" fileid="22" />
                <SequencePoint vc="26" uspid="45" ordinal="3" sl="45" sc="1" el="45" ec="2" bec="0" bev="0" fileid="22" />
                <SequencePoint vc="26" uspid="46" ordinal="4" sl="46" sc="1" el="46" ec="2" bec="0" bev="0" fileid="22" />
                <SequencePoint vc="26" uspid="48" ordinal="5" sl="48" sc="1" el="48" ec="2" bec="0" bev="0" fileid="22" />
                <SequencePoint vc="26" uspid="49" ordinal="6" sl="49" sc="1" el="49" ec="2" bec="0" bev="0" fileid="22" />
              </SequencePoints>
              <BranchPoints />
              <MethodPoint vc="7" uspid="0" p8:type="SequencePoint" ordinal="2" offset="2" sc="0" sl="41" ec="1" el="49" bec="0" bev="0" fileid="22" xmlns:p8="xsi" />
            </Method>
            <Method cyclomaticComplexity="1" nPathComplexity="1" sequenceCoverage="100" branchCoverage="100" isConstructor="False" isGetter="False" isSetter="False" isStatic="True">
              <Summary numSequencePoints="4" visitedSequencePoints="4" numBranchPoints="0" visitedBranchPoints="0" sequenceCoverage="100" branchCoverage="100" maxCyclomaticComplexity="1" minCyclomaticComplexity="1" visitedClasses="0" numClasses="0" visitedMethods="1" numMethods="1" />
              <MetadataToken />
              <Name>AutoComplete.Builders.TrieIndexHeaderBuilder AutoComplete.Builders.TrieIndexHeaderBuilder::SortCharacterList(AutoComplete.DataStructure.TrieIndexHeader&amp;)</Name>
              <FileRef uid="22" />
              <SequencePoints>
                <SequencePoint vc="26" uspid="52" ordinal="0" sl="52" sc="1" el="52" ec="2" bec="0" bev="0" fileid="22" />
                <SequencePoint vc="26" uspid="53" ordinal="1" sl="53" sc="1" el="53" ec="2" bec="0" bev="0" fileid="22" />
                <SequencePoint vc="26" uspid="54" ordinal="2" sl="54" sc="1" el="54" ec="2" bec="0" bev="0" fileid="22" />
                <SequencePoint vc="26" uspid="55" ordinal="3" sl="55" sc="1" el="55" ec="2" bec="0" bev="0" fileid="22" />
              </SequencePoints>
              <BranchPoints />
              <MethodPoint vc="4" uspid="0" p8:type="SequencePoint" ordinal="3" offset="3" sc="0" sl="52" ec="1" el="55" bec="0" bev="0" fileid="22" xmlns:p8="xsi" />
            </Method>
            <Method cyclomaticComplexity="4" nPathComplexity="4" sequenceCoverage="100" branchCoverage="75" isConstructor="False" isGetter="False" isSetter="False" isStatic="True">
              <Summary numSequencePoints="14" visitedSequencePoints="14" numBranchPoints="4" visitedBranchPoints="3" sequenceCoverage="100" branchCoverage="75" maxCyclomaticComplexity="4" minCyclomaticComplexity="4" visitedClasses="0" numClasses="0" visitedMethods="1" numMethods="1" />
              <MetadataToken />
              <Name>System.Void AutoComplete.Builders.TrieIndexHeaderBuilder::CalculateMetrics(AutoComplete.DataStructure.TrieIndexHeader&amp;)</Name>
              <FileRef uid="22" />
              <SequencePoints>
                <SequencePoint vc="26" uspid="58" ordinal="0" sl="58" sc="1" el="58" ec="2" bec="0" bev="0" fileid="22" />
                <SequencePoint vc="26" uspid="60" ordinal="1" sl="60" sc="1" el="60" ec="2" bec="0" bev="0" fileid="22" />
                <SequencePoint vc="26" uspid="62" ordinal="2" sl="62" sc="1" el="62" ec="2" bec="2" bev="2" fileid="22" />
                <SequencePoint vc="26" uspid="63" ordinal="3" sl="63" sc="1" el="63" ec="2" bec="2" bev="1" fileid="22" />
                <SequencePoint vc="26" uspid="64" ordinal="4" sl="64" sc="1" el="64" ec="2" bec="0" bev="0" fileid="22" />
                <SequencePoint vc="26" uspid="66" ordinal="5" sl="66" sc="1" el="66" ec="2" bec="0" bev="0" fileid="22" />
                <SequencePoint vc="26" uspid="67" ordinal="6" sl="67" sc="1" el="67" ec="2" bec="0" bev="0" fileid="22" />
                <SequencePoint vc="26" uspid="69" ordinal="7" sl="69" sc="1" el="69" ec="2" bec="0" bev="0" fileid="22" />
                <SequencePoint vc="26" uspid="70" ordinal="8" sl="70" sc="1" el="70" ec="2" bec="0" bev="0" fileid="22" />
                <SequencePoint vc="26" uspid="72" ordinal="9" sl="72" sc="1" el="72" ec="2" bec="0" bev="0" fileid="22" />
                <SequencePoint vc="26" uspid="73" ordinal="10" sl="73" sc="1" el="73" ec="2" bec="0" bev="0" fileid="22" />
                <SequencePoint vc="26" uspid="75" ordinal="11" sl="75" sc="1" el="75" ec="2" bec="0" bev="0" fileid="22" />
                <SequencePoint vc="26" uspid="76" ordinal="12" sl="76" sc="1" el="76" ec="2" bec="0" bev="0" fileid="22" />
                <SequencePoint vc="26" uspid="77" ordinal="13" sl="77" sc="1" el="77" ec="2" bec="0" bev="0" fileid="22" />
              </SequencePoints>
              <BranchPoints>
                <BranchPoint vc="25" uspid="62" ordinal="0" path="0" offset="40" offsetend="42" sl="62" fileid="22" />
                <BranchPoint vc="1" uspid="62" ordinal="1" path="1" offset="40" offsetend="45" sl="62" fileid="22" />
                <BranchPoint vc="26" uspid="63" ordinal="2" path="0" offset="75" offsetend="77" sl="63" fileid="22" />
                <BranchPoint vc="0" uspid="63" ordinal="3" path="1" offset="75" offsetend="80" sl="63" fileid="22" />
              </BranchPoints>
              <MethodPoint vc="14" uspid="0" p8:type="SequencePoint" ordinal="4" offset="4" sc="0" sl="58" ec="1" el="77" bec="0" bev="0" fileid="22" xmlns:p8="xsi" />
            </Method>
            <Method cyclomaticComplexity="1" nPathComplexity="1" sequenceCoverage="100" branchCoverage="100" isConstructor="True" isGetter="False" isSetter="False" isStatic="True">
              <Summary numSequencePoints="4" visitedSequencePoints="4" numBranchPoints="0" visitedBranchPoints="0" sequenceCoverage="100" branchCoverage="100" maxCyclomaticComplexity="1" minCyclomaticComplexity="1" visitedClasses="0" numClasses="0" visitedMethods="1" numMethods="1" />
              <MetadataToken />
              <Name>System.Void AutoComplete.Builders.TrieIndexHeaderBuilder::.ctor()</Name>
              <FileRef uid="22" />
              <SequencePoints>
                <SequencePoint vc="28" uspid="11" ordinal="0" sl="11" sc="1" el="11" ec="2" bec="0" bev="0" fileid="22" />
                <SequencePoint vc="28" uspid="12" ordinal="1" sl="12" sc="1" el="12" ec="2" bec="0" bev="0" fileid="22" />
                <SequencePoint vc="28" uspid="13" ordinal="2" sl="13" sc="1" el="13" ec="2" bec="0" bev="0" fileid="22" />
                <SequencePoint vc="28" uspid="14" ordinal="3" sl="14" sc="1" el="14" ec="2" bec="0" bev="0" fileid="22" />
              </SequencePoints>
              <BranchPoints />
              <MethodPoint vc="4" uspid="0" p8:type="SequencePoint" ordinal="5" offset="5" sc="0" sl="11" ec="1" el="14" bec="0" bev="0" fileid="22" xmlns:p8="xsi" />
            </Method>
          </Methods>
        </Class>
      </Classes>
    </Module>
  </Modules>
</CoverageSession>